<?xml version="1.0" encoding="UTF-8"?>
<coverage generated="1519232011126" clover="3.2.0">
  <project timestamp="1519232011126" name="All files">
    <metrics statements="314" coveredstatements="312" conditionals="131" coveredconditionals="126" methods="171" coveredmethods="168" elements="616" coveredelements="606" complexity="0" loc="314" ncloc="314" packages="10" files="33" classes="33">
      <package name="src">
        <metrics statements="20" coveredstatements="20" conditionals="0" coveredconditionals="0" methods="4" coveredmethods="4"/>
        <file name="api.tsx" path="/Users/yeewai/repos/sandbox/mapEditor/map-editor-react/src/api.tsx">
          <metrics statements="17" coveredstatements="17" conditionals="0" coveredconditionals="0" methods="4" coveredmethods="4"/>
          <line num="6" count="24" type="stmt"/>
          <line num="22" count="10" type="stmt"/>
          <line num="23" count="10" type="stmt"/>
          <line num="26" count="24" type="stmt"/>
          <line num="27" count="2" type="stmt"/>
          <line num="33" count="2" type="stmt"/>
          <line num="36" count="24" type="stmt"/>
          <line num="37" count="2" type="stmt"/>
          <line num="43" count="2" type="stmt"/>
          <line num="46" count="24" type="stmt"/>
          <line num="47" count="11" type="stmt"/>
          <line num="48" count="11" type="stmt"/>
          <line num="55" count="7" type="stmt"/>
          <line num="56" count="7" type="stmt"/>
          <line num="59" count="24" type="stmt"/>
          <line num="60" count="3" type="stmt"/>
          <line num="66" count="3" type="stmt"/>
        </file>
        <file name="conf.ts" path="/Users/yeewai/repos/sandbox/mapEditor/map-editor-react/src/conf.ts">
          <metrics statements="3" coveredstatements="3" conditionals="0" coveredconditionals="0" methods="0" coveredmethods="0"/>
          <line num="3" count="8" type="stmt"/>
          <line num="4" count="8" type="stmt"/>
          <line num="5" count="8" type="stmt"/>
        </file>
      </package>
      <package name="src.components">
        <metrics statements="4" coveredstatements="4" conditionals="0" coveredconditionals="0" methods="2" coveredmethods="2"/>
        <file name="App.tsx" path="/Users/yeewai/repos/sandbox/mapEditor/map-editor-react/src/components/App.tsx">
          <metrics statements="4" coveredstatements="4" conditionals="0" coveredconditionals="0" methods="2" coveredmethods="2"/>
          <line num="12" count="1" type="stmt"/>
          <line num="13" count="1" type="stmt"/>
          <line num="21" count="1" type="stmt"/>
          <line num="33" count="1" type="stmt"/>
        </file>
      </package>
      <package name="src.components.StructuresView">
        <metrics statements="44" coveredstatements="44" conditionals="20" coveredconditionals="20" methods="22" coveredmethods="22"/>
        <file name="AddStructureDefinitionModal.tsx" path="/Users/yeewai/repos/sandbox/mapEditor/map-editor-react/src/components/StructuresView/AddStructureDefinitionModal.tsx">
          <metrics statements="4" coveredstatements="4" conditionals="0" coveredconditionals="0" methods="3" coveredmethods="3"/>
          <line num="11" count="3" type="stmt"/>
          <line num="12" count="1" type="stmt"/>
          <line num="19" count="2" type="stmt"/>
          <line num="20" count="1" type="stmt"/>
        </file>
        <file name="EditStructureDefinitionModal.tsx" path="/Users/yeewai/repos/sandbox/mapEditor/map-editor-react/src/components/StructuresView/EditStructureDefinitionModal.tsx">
          <metrics statements="4" coveredstatements="4" conditionals="0" coveredconditionals="0" methods="3" coveredmethods="3"/>
          <line num="11" count="3" type="stmt"/>
          <line num="12" count="1" type="stmt"/>
          <line num="20" count="2" type="stmt"/>
          <line num="21" count="1" type="stmt"/>
        </file>
        <file name="StructureCard.tsx" path="/Users/yeewai/repos/sandbox/mapEditor/map-editor-react/src/components/StructuresView/StructureCard.tsx">
          <metrics statements="2" coveredstatements="2" conditionals="0" coveredconditionals="0" methods="1" coveredmethods="1"/>
          <line num="12" count="3" type="stmt"/>
          <line num="13" count="1" type="stmt"/>
        </file>
        <file name="StructureDefinitionForm.tsx" path="/Users/yeewai/repos/sandbox/mapEditor/map-editor-react/src/components/StructuresView/StructureDefinitionForm.tsx">
          <metrics statements="18" coveredstatements="18" conditionals="16" coveredconditionals="16" methods="5" coveredmethods="5"/>
          <line num="24" count="7" type="stmt"/>
          <line num="25" count="1" type="stmt"/>
          <line num="26" count="3" type="stmt"/>
          <line num="28" count="1" type="stmt"/>
          <line num="42" count="4" type="stmt"/>
          <line num="47" count="2" type="stmt"/>
          <line num="49" count="2" type="stmt"/>
          <line num="69" count="2" type="stmt"/>
          <line num="73" count="10" type="stmt"/>
          <line num="87" count="4" type="stmt"/>
          <line num="88" count="3" type="stmt"/>
          <line num="89" count="3" type="cond" truecount="3" falsecount="0"/>
          <line num="90" count="3" type="cond" truecount="2" falsecount="0"/>
          <line num="91" count="3" type="cond" truecount="3" falsecount="0"/>
          <line num="93" count="3" type="cond" truecount="4" falsecount="0"/>
          <line num="94" count="3" type="stmt"/>
          <line num="95" count="3" type="cond" truecount="2" falsecount="0"/>
          <line num="108" count="4" type="stmt"/>
        </file>
        <file name="StructuresList.tsx" path="/Users/yeewai/repos/sandbox/mapEditor/map-editor-react/src/components/StructuresView/StructuresList.tsx">
          <metrics statements="5" coveredstatements="5" conditionals="0" coveredconditionals="0" methods="4" coveredmethods="4"/>
          <line num="17" count="7" type="stmt"/>
          <line num="25" count="5" type="stmt"/>
          <line num="26" count="2" type="stmt"/>
          <line num="33" count="2" type="stmt"/>
          <line num="37" count="3" type="stmt"/>
        </file>
        <file name="index.tsx" path="/Users/yeewai/repos/sandbox/mapEditor/map-editor-react/src/components/StructuresView/index.tsx">
          <metrics statements="11" coveredstatements="11" conditionals="4" coveredconditionals="4" methods="6" coveredmethods="6"/>
          <line num="25" count="2" type="stmt"/>
          <line num="26" count="2" type="stmt"/>
          <line num="27" count="3" type="stmt"/>
          <line num="28" count="3" type="stmt"/>
          <line num="31" count="2" type="stmt"/>
          <line num="32" count="6" type="stmt"/>
          <line num="33" count="3" type="cond" truecount="4" falsecount="0"/>
          <line num="35" count="2" type="stmt"/>
          <line num="37" count="3" type="stmt"/>
          <line num="43" count="3" type="stmt"/>
          <line num="44" count="3" type="stmt"/>
        </file>
      </package>
      <package name="src.components.WorldsView">
        <metrics statements="31" coveredstatements="31" conditionals="20" coveredconditionals="17" methods="15" coveredmethods="15"/>
        <file name="AddWorldModal.tsx" path="/Users/yeewai/repos/sandbox/mapEditor/map-editor-react/src/components/WorldsView/AddWorldModal.tsx">
          <metrics statements="4" coveredstatements="4" conditionals="0" coveredconditionals="0" methods="3" coveredmethods="3"/>
          <line num="11" count="3" type="stmt"/>
          <line num="12" count="1" type="stmt"/>
          <line num="19" count="2" type="stmt"/>
          <line num="20" count="1" type="stmt"/>
        </file>
        <file name="WorldForm.tsx" path="/Users/yeewai/repos/sandbox/mapEditor/map-editor-react/src/components/WorldsView/WorldForm.tsx">
          <metrics statements="11" coveredstatements="11" conditionals="10" coveredconditionals="9" methods="3" coveredmethods="3"/>
          <line num="24" count="3" type="stmt"/>
          <line num="25" count="1" type="stmt"/>
          <line num="27" count="1" type="stmt"/>
          <line num="47" count="1" type="stmt"/>
          <line num="51" count="5" type="stmt"/>
          <line num="66" count="3" type="stmt"/>
          <line num="67" count="1" type="stmt"/>
          <line num="68" count="1" type="cond" truecount="3" falsecount="0"/>
          <line num="69" count="1" type="cond" truecount="2" falsecount="0"/>
          <line num="70" count="1" type="cond" truecount="3" falsecount="0"/>
          <line num="81" count="3" type="stmt"/>
        </file>
        <file name="WorldsList.tsx" path="/Users/yeewai/repos/sandbox/mapEditor/map-editor-react/src/components/WorldsView/WorldsList.tsx">
          <metrics statements="4" coveredstatements="4" conditionals="2" coveredconditionals="2" methods="3" coveredmethods="3"/>
          <line num="17" count="5" type="stmt"/>
          <line num="26" count="4" type="stmt"/>
          <line num="35" count="2" type="stmt"/>
          <line num="37" count="2" type="stmt"/>
        </file>
        <file name="index.tsx" path="/Users/yeewai/repos/sandbox/mapEditor/map-editor-react/src/components/WorldsView/index.tsx">
          <metrics statements="12" coveredstatements="12" conditionals="8" coveredconditionals="6" methods="6" coveredmethods="6"/>
          <line num="18" count="3" type="stmt"/>
          <line num="27" count="3" type="stmt"/>
          <line num="29" count="3" type="stmt"/>
          <line num="30" count="3" type="stmt"/>
          <line num="38" count="2" type="stmt"/>
          <line num="39" count="2" type="stmt"/>
          <line num="40" count="3" type="stmt"/>
          <line num="41" count="3" type="stmt"/>
          <line num="44" count="2" type="stmt"/>
          <line num="45" count="6" type="stmt"/>
          <line num="46" count="3" type="stmt"/>
          <line num="54" count="2" type="stmt"/>
        </file>
      </package>
      <package name="src.components.WorldsView.MapEditor">
        <metrics statements="70" coveredstatements="68" conditionals="19" coveredconditionals="19" methods="41" coveredmethods="38"/>
        <file name="CameraControls.tsx" path="/Users/yeewai/repos/sandbox/mapEditor/map-editor-react/src/components/WorldsView/MapEditor/CameraControls.tsx">
          <metrics statements="12" coveredstatements="12" conditionals="0" coveredconditionals="0" methods="10" coveredmethods="10"/>
          <line num="21" count="12" type="stmt"/>
          <line num="22" count="1" type="stmt"/>
          <line num="23" count="1" type="stmt"/>
          <line num="24" count="1" type="stmt"/>
          <line num="25" count="1" type="stmt"/>
          <line num="26" count="1" type="stmt"/>
          <line num="27" count="1" type="stmt"/>
          <line num="28" count="1" type="stmt"/>
          <line num="29" count="1" type="stmt"/>
          <line num="33" count="4" type="stmt"/>
          <line num="34" count="3" type="stmt"/>
          <line num="38" count="1" type="stmt"/>
        </file>
        <file name="DrawAddStructureDefinitionTile.tsx" path="/Users/yeewai/repos/sandbox/mapEditor/map-editor-react/src/components/WorldsView/MapEditor/DrawAddStructureDefinitionTile.tsx">
          <metrics statements="5" coveredstatements="5" conditionals="6" coveredconditionals="6" methods="3" coveredmethods="3"/>
          <line num="19" count="6" type="stmt"/>
          <line num="26" count="5" type="stmt"/>
          <line num="27" count="4" type="cond" truecount="4" falsecount="0"/>
          <line num="28" count="3" type="stmt"/>
          <line num="30" count="2" type="stmt"/>
        </file>
        <file name="DrawBoard.tsx" path="/Users/yeewai/repos/sandbox/mapEditor/map-editor-react/src/components/WorldsView/MapEditor/DrawBoard.tsx">
          <metrics statements="12" coveredstatements="11" conditionals="2" coveredconditionals="2" methods="10" coveredmethods="8"/>
          <line num="24" count="7" type="stmt"/>
          <line num="25" count="1" type="stmt"/>
          <line num="26" count="1" type="stmt"/>
          <line num="31" count="5" type="stmt"/>
          <line num="32" count="5" type="stmt"/>
          <line num="33" count="2" type="stmt"/>
          <line num="36" count="5" type="stmt"/>
          <line num="37" count="4" type="stmt"/>
          <line num="39" count="2" type="stmt"/>
          <line num="41" count="24" type="stmt"/>
          <line num="42" count="0" type="stmt"/>
          <line num="51" count="5" type="stmt"/>
        </file>
        <file name="DrawMap.tsx" path="/Users/yeewai/repos/sandbox/mapEditor/map-editor-react/src/components/WorldsView/MapEditor/DrawMap.tsx">
          <metrics statements="5" coveredstatements="5" conditionals="0" coveredconditionals="0" methods="3" coveredmethods="3"/>
          <line num="28" count="5" type="stmt"/>
          <line num="35" count="4" type="stmt"/>
          <line num="36" count="1" type="stmt"/>
          <line num="43" count="1" type="stmt"/>
          <line num="51" count="1" type="stmt"/>
        </file>
        <file name="DrawTile.tsx" path="/Users/yeewai/repos/sandbox/mapEditor/map-editor-react/src/components/WorldsView/MapEditor/DrawTile.tsx">
          <metrics statements="17" coveredstatements="17" conditionals="5" coveredconditionals="5" methods="4" coveredmethods="4"/>
          <line num="22" count="7" type="stmt"/>
          <line num="23" count="7" type="stmt"/>
          <line num="33" count="7" type="stmt"/>
          <line num="34" count="4" type="stmt"/>
          <line num="35" count="4" type="stmt"/>
          <line num="38" count="7" type="stmt"/>
          <line num="39" count="7" type="stmt"/>
          <line num="40" count="2" type="cond" truecount="3" falsecount="0"/>
          <line num="45" count="7" type="stmt"/>
          <line num="46" count="3" type="stmt"/>
          <line num="47" count="3" type="cond" truecount="2" falsecount="0"/>
          <line num="53" count="2" type="stmt"/>
          <line num="54" count="2" type="stmt"/>
          <line num="59" count="2" type="stmt"/>
          <line num="60" count="2" type="stmt"/>
          <line num="62" count="2" type="stmt"/>
          <line num="72" count="7" type="stmt"/>
        </file>
        <file name="StructureCard.tsx" path="/Users/yeewai/repos/sandbox/mapEditor/map-editor-react/src/components/WorldsView/MapEditor/StructureCard.tsx">
          <metrics statements="6" coveredstatements="5" conditionals="4" coveredconditionals="4" methods="5" coveredmethods="4"/>
          <line num="18" count="5" type="stmt"/>
          <line num="26" count="5" type="stmt"/>
          <line num="27" count="1" type="stmt"/>
          <line num="32" count="4" type="stmt"/>
          <line num="33" count="3" type="stmt"/>
          <line num="34" count="0" type="cond" truecount="2" falsecount="0"/>
        </file>
        <file name="index.tsx" path="/Users/yeewai/repos/sandbox/mapEditor/map-editor-react/src/components/WorldsView/MapEditor/index.tsx">
          <metrics statements="13" coveredstatements="13" conditionals="2" coveredconditionals="2" methods="6" coveredmethods="6"/>
          <line num="21" count="4" type="stmt"/>
          <line num="29" count="4" type="stmt"/>
          <line num="30" count="1" type="stmt"/>
          <line num="35" count="3" type="stmt"/>
          <line num="36" count="3" type="stmt"/>
          <line num="37" count="4" type="stmt"/>
          <line num="38" count="2" type="stmt"/>
          <line num="41" count="3" type="stmt"/>
          <line num="42" count="2" type="stmt"/>
          <line num="43" count="2" type="cond" truecount="2" falsecount="0"/>
          <line num="44" count="1" type="stmt"/>
          <line num="52" count="1" type="stmt"/>
          <line num="62" count="3" type="stmt"/>
        </file>
      </package>
      <package name="src.components.common">
        <metrics statements="2" coveredstatements="2" conditionals="2" coveredconditionals="1" methods="1" coveredmethods="1"/>
        <file name="LoadingIndicator.tsx" path="/Users/yeewai/repos/sandbox/mapEditor/map-editor-react/src/components/common/LoadingIndicator.tsx">
          <metrics statements="2" coveredstatements="2" conditionals="2" coveredconditionals="1" methods="1" coveredmethods="1"/>
          <line num="8" count="8" type="cond" truecount="1" falsecount="1"/>
          <line num="9" count="4" type="stmt"/>
        </file>
      </package>
      <package name="src.helpers">
        <metrics statements="8" coveredstatements="8" conditionals="15" coveredconditionals="15" methods="5" coveredmethods="5"/>
        <file name="formHelpers.tsx" path="/Users/yeewai/repos/sandbox/mapEditor/map-editor-react/src/helpers/formHelpers.tsx">
          <metrics statements="4" coveredstatements="4" conditionals="5" coveredconditionals="5" methods="2" coveredmethods="2"/>
          <line num="6" count="6" type="stmt"/>
          <line num="12" count="15" type="stmt"/>
          <line num="26" count="6" type="stmt"/>
          <line num="27" count="15" type="cond" truecount="3" falsecount="0"/>
        </file>
        <file name="formValidations.ts" path="/Users/yeewai/repos/sandbox/mapEditor/map-editor-react/src/helpers/formValidations.ts">
          <metrics statements="4" coveredstatements="4" conditionals="10" coveredconditionals="10" methods="3" coveredmethods="3"/>
          <line num="3" count="9" type="cond" truecount="2" falsecount="0"/>
          <line num="5" count="9" type="cond" truecount="4" falsecount="0"/>
          <line num="7" count="7" type="stmt"/>
          <line num="9" count="12" type="cond" truecount="4" falsecount="0"/>
        </file>
      </package>
      <package name="src.services.mapEditor">
        <metrics statements="49" coveredstatements="49" conditionals="32" coveredconditionals="32" methods="24" coveredmethods="24"/>
        <file name="actions.ts" path="/Users/yeewai/repos/sandbox/mapEditor/map-editor-react/src/services/mapEditor/actions.ts">
          <metrics statements="9" coveredstatements="9" conditionals="0" coveredconditionals="0" methods="9" coveredmethods="9"/>
          <line num="10" count="10" type="stmt"/>
          <line num="14" count="10" type="stmt"/>
          <line num="18" count="10" type="stmt"/>
          <line num="22" count="10" type="stmt"/>
          <line num="26" count="10" type="stmt"/>
          <line num="30" count="10" type="stmt"/>
          <line num="34" count="10" type="stmt"/>
          <line num="38" count="10" type="stmt"/>
          <line num="60" count="10" type="stmt"/>
        </file>
        <file name="reducer.ts" path="/Users/yeewai/repos/sandbox/mapEditor/map-editor-react/src/services/mapEditor/reducer.ts">
          <metrics statements="20" coveredstatements="20" conditionals="22" coveredconditionals="22" methods="1" coveredmethods="1"/>
          <line num="14" count="13" type="stmt"/>
          <line num="15" count="13" type="stmt"/>
          <line num="16" count="13" type="stmt"/>
          <line num="18" count="18" type="cond" truecount="2" falsecount="0"/>
          <line num="21" count="1" type="stmt"/>
          <line num="23" count="2" type="stmt"/>
          <line num="25" count="1" type="stmt"/>
          <line num="27" count="1" type="stmt"/>
          <line num="29" count="1" type="stmt"/>
          <line num="31" count="1" type="stmt"/>
          <line num="33" count="1" type="stmt"/>
          <line num="35" count="1" type="stmt"/>
          <line num="37" count="1" type="stmt"/>
          <line num="39" count="2" type="stmt"/>
          <line num="42" count="2" type="stmt"/>
          <line num="48" count="1" type="stmt"/>
          <line num="51" count="3" type="stmt"/>
          <line num="52" count="3" type="cond" truecount="4" falsecount="0"/>
          <line num="54" count="1" type="stmt"/>
          <line num="75" count="1" type="stmt"/>
        </file>
        <file name="selectors.ts" path="/Users/yeewai/repos/sandbox/mapEditor/map-editor-react/src/services/mapEditor/selectors.ts">
          <metrics statements="20" coveredstatements="20" conditionals="10" coveredconditionals="10" methods="14" coveredmethods="14"/>
          <line num="10" count="9" type="stmt"/>
          <line num="11" count="10" type="stmt"/>
          <line num="13" count="10" type="stmt"/>
          <line num="14" count="10" type="stmt"/>
          <line num="21" count="9" type="stmt"/>
          <line num="24" count="3" type="cond" truecount="2" falsecount="0"/>
          <line num="25" count="2" type="cond" truecount="2" falsecount="0"/>
          <line num="30" count="2" type="stmt"/>
          <line num="37" count="9" type="stmt"/>
          <line num="39" count="27" type="stmt"/>
          <line num="41" count="3" type="cond" truecount="2" falsecount="0"/>
          <line num="42" count="2" type="stmt"/>
          <line num="43" count="2" type="stmt"/>
          <line num="47" count="3" type="stmt"/>
          <line num="50" count="9" type="stmt"/>
          <line num="51" count="3" type="stmt"/>
          <line num="53" count="2" type="cond" truecount="2" falsecount="0"/>
          <line num="58" count="9" type="stmt"/>
          <line num="61" count="2" type="cond" truecount="2" falsecount="0"/>
          <line num="63" count="1" type="stmt"/>
        </file>
      </package>
      <package name="src.services.structureDefinitions">
        <metrics statements="49" coveredstatements="49" conditionals="11" coveredconditionals="10" methods="30" coveredmethods="30"/>
        <file name="actions.ts" path="/Users/yeewai/repos/sandbox/mapEditor/map-editor-react/src/services/structureDefinitions/actions.ts">
          <metrics statements="33" coveredstatements="33" conditionals="0" coveredconditionals="0" methods="22" coveredmethods="22"/>
          <line num="12" count="34" type="stmt"/>
          <line num="16" count="33" type="stmt"/>
          <line num="21" count="23" type="stmt"/>
          <line num="22" count="11" type="stmt"/>
          <line num="23" count="11" type="stmt"/>
          <line num="24" count="11" type="stmt"/>
          <line num="25" count="10" type="stmt"/>
          <line num="27" count="1" type="stmt"/>
          <line num="36" count="10" type="stmt"/>
          <line num="40" count="26" type="stmt"/>
          <line num="45" count="23" type="stmt"/>
          <line num="52" count="10" type="stmt"/>
          <line num="53" count="10" type="stmt"/>
          <line num="54" count="10" type="stmt"/>
          <line num="56" count="3" type="stmt"/>
          <line num="57" count="9" type="stmt"/>
          <line num="60" count="1" type="stmt"/>
          <line num="66" count="25" type="stmt"/>
          <line num="70" count="23" type="stmt"/>
          <line num="71" count="2" type="stmt"/>
          <line num="73" count="2" type="stmt"/>
          <line num="74" count="2" type="stmt"/>
          <line num="76" count="1" type="stmt"/>
          <line num="77" count="1" type="stmt"/>
          <line num="79" count="1" type="stmt"/>
          <line num="84" count="25" type="stmt"/>
          <line num="88" count="23" type="stmt"/>
          <line num="89" count="2" type="stmt"/>
          <line num="91" count="2" type="stmt"/>
          <line num="92" count="2" type="stmt"/>
          <line num="94" count="1" type="stmt"/>
          <line num="95" count="1" type="stmt"/>
          <line num="97" count="1" type="stmt"/>
        </file>
        <file name="reducer.ts" path="/Users/yeewai/repos/sandbox/mapEditor/map-editor-react/src/services/structureDefinitions/reducer.ts">
          <metrics statements="10" coveredstatements="10" conditionals="9" coveredconditionals="8" methods="1" coveredmethods="1"/>
          <line num="12" count="22" type="cond" truecount="2" falsecount="0"/>
          <line num="15" count="1" type="stmt"/>
          <line num="17" count="1" type="stmt"/>
          <line num="25" count="1" type="stmt"/>
          <line num="27" count="1" type="stmt"/>
          <line num="29" count="2" type="stmt"/>
          <line num="31" count="1" type="stmt"/>
          <line num="32" count="1" type="cond" truecount="1" falsecount="1"/>
          <line num="35" count="1" type="stmt"/>
          <line num="53" count="1" type="stmt"/>
        </file>
        <file name="selectors.tsx" path="/Users/yeewai/repos/sandbox/mapEditor/map-editor-react/src/services/structureDefinitions/selectors.tsx">
          <metrics statements="6" coveredstatements="6" conditionals="2" coveredconditionals="2" methods="7" coveredmethods="7"/>
          <line num="7" count="27" type="stmt"/>
          <line num="8" count="25" type="stmt"/>
          <line num="9" count="25" type="stmt"/>
          <line num="10" count="26" type="cond" truecount="2" falsecount="0"/>
          <line num="12" count="24" type="stmt"/>
          <line num="17" count="25" type="stmt"/>
        </file>
      </package>
      <package name="src.services.worlds">
        <metrics statements="37" coveredstatements="37" conditionals="12" coveredconditionals="12" methods="27" coveredmethods="27"/>
        <file name="actions.ts" path="/Users/yeewai/repos/sandbox/mapEditor/map-editor-react/src/services/worlds/actions.ts">
          <metrics statements="23" coveredstatements="23" conditionals="0" coveredconditionals="0" methods="15" coveredmethods="15"/>
          <line num="11" count="24" type="stmt"/>
          <line num="15" count="20" type="stmt"/>
          <line num="20" count="17" type="stmt"/>
          <line num="27" count="7" type="stmt"/>
          <line num="28" count="7" type="stmt"/>
          <line num="29" count="7" type="stmt"/>
          <line num="30" count="3" type="stmt"/>
          <line num="32" count="1" type="stmt"/>
          <line num="38" count="18" type="stmt"/>
          <line num="42" count="17" type="stmt"/>
          <line num="43" count="1" type="stmt"/>
          <line num="45" count="1" type="stmt"/>
          <line num="46" count="1" type="stmt"/>
          <line num="50" count="19" type="stmt"/>
          <line num="54" count="17" type="stmt"/>
          <line num="55" count="2" type="stmt"/>
          <line num="57" count="2" type="stmt"/>
          <line num="59" count="2" type="stmt"/>
          <line num="67" count="3" type="stmt"/>
          <line num="69" count="3" type="stmt"/>
          <line num="71" count="2" type="stmt"/>
          <line num="72" count="2" type="stmt"/>
          <line num="74" count="1" type="stmt"/>
        </file>
        <file name="reducer.ts" path="/Users/yeewai/repos/sandbox/mapEditor/map-editor-react/src/services/worlds/reducer.ts">
          <metrics statements="5" coveredstatements="5" conditionals="6" coveredconditionals="6" methods="1" coveredmethods="1"/>
          <line num="11" count="16" type="cond" truecount="2" falsecount="0"/>
          <line num="14" count="1" type="stmt"/>
          <line num="16" count="1" type="stmt"/>
          <line num="24" count="1" type="stmt"/>
          <line num="26" count="1" type="stmt"/>
        </file>
        <file name="selectors.tsx" path="/Users/yeewai/repos/sandbox/mapEditor/map-editor-react/src/services/worlds/selectors.tsx">
          <metrics statements="8" coveredstatements="8" conditionals="6" coveredconditionals="6" methods="11" coveredmethods="11"/>
          <line num="7" count="20" type="stmt"/>
          <line num="8" count="19" type="stmt"/>
          <line num="9" count="19" type="stmt"/>
          <line num="10" count="19" type="stmt"/>
          <line num="11" count="16" type="stmt"/>
          <line num="13" count="21" type="stmt"/>
          <line num="18" count="17" type="stmt"/>
          <line num="19" count="15" type="cond" truecount="4" falsecount="0"/>
        </file>
        <file name="types.tsx" path="/Users/yeewai/repos/sandbox/mapEditor/map-editor-react/src/services/worlds/types.tsx">
          <metrics statements="1" coveredstatements="1" conditionals="0" coveredconditionals="0" methods="0" coveredmethods="0"/>
          <line num="51" count="16" type="stmt"/>
        </file>
      </package>
    </metrics>
  </project>
</coverage>
