{"/Users/yeewai/repos/sandbox/mapEditor/map-editor-react/src/api.tsx": {"path":"/Users/yeewai/repos/sandbox/mapEditor/map-editor-react/src/api.tsx","statementMap":{"0":{"start":{"line":6,"column":6},"end":{"line":6,"column":11}},"1":{"start":{"line":22,"column":10},"end":{"line":22,"column":24}},"2":{"start":{"line":23,"column":4},"end":{"line":23,"column":11}},"3":{"start":{"line":26,"column":13},"end":{"line":34,"column":1}},"4":{"start":{"line":27,"column":10},"end":{"line":30,"column":42}},"5":{"start":{"line":33,"column":4},"end":{"line":33,"column":11}},"6":{"start":{"line":36,"column":13},"end":{"line":44,"column":1}},"7":{"start":{"line":37,"column":10},"end":{"line":40,"column":16}},"8":{"start":{"line":43,"column":4},"end":{"line":43,"column":11}},"9":{"start":{"line":46,"column":13},"end":{"line":49,"column":1}},"10":{"start":{"line":47,"column":10},"end":{"line":47,"column":23}},"11":{"start":{"line":48,"column":4},"end":{"line":48,"column":11}},"12":{"start":{"line":55,"column":10},"end":{"line":55,"column":24}},"13":{"start":{"line":56,"column":4},"end":{"line":56,"column":11}},"14":{"start":{"line":59,"column":13},"end":{"line":67,"column":1}},"15":{"start":{"line":60,"column":10},"end":{"line":63,"column":8}},"16":{"start":{"line":66,"column":4},"end":{"line":66,"column":11}}},"fnMap":{"0":{"name":"(anonymous_2)","decl":{"start":{"line":26,"column":13},"end":{"line":26,"column":40}},"loc":{"start":{"line":26,"column":13},"end":{"line":34,"column":1}}},"1":{"name":"(anonymous_3)","decl":{"start":{"line":36,"column":13},"end":{"line":36,"column":40}},"loc":{"start":{"line":36,"column":13},"end":{"line":44,"column":1}}},"2":{"name":"(anonymous_4)","decl":{"start":{"line":46,"column":13},"end":{"line":46,"column":23}},"loc":{"start":{"line":46,"column":13},"end":{"line":49,"column":1}}},"3":{"name":"(anonymous_6)","decl":{"start":{"line":59,"column":13},"end":{"line":59,"column":26}},"loc":{"start":{"line":59,"column":13},"end":{"line":67,"column":1}}}},"branchMap":{},"s":{"0":24,"1":10,"2":10,"3":24,"4":2,"5":2,"6":24,"7":2,"8":2,"9":24,"10":11,"11":11,"12":7,"13":7,"14":24,"15":3,"16":3},"f":{"0":2,"1":2,"2":11,"3":3},"b":{}}
,"/Users/yeewai/repos/sandbox/mapEditor/map-editor-react/src/conf.ts": {"path":"/Users/yeewai/repos/sandbox/mapEditor/map-editor-react/src/conf.ts","statementMap":{"0":{"start":{"line":3,"column":13},"end":{"line":3,"column":24}},"1":{"start":{"line":4,"column":13},"end":{"line":4,"column":27}},"2":{"start":{"line":5,"column":13},"end":{"line":5,"column":26}}},"fnMap":{},"branchMap":{},"s":{"0":8,"1":8,"2":8},"f":{},"b":{}}
,"/Users/yeewai/repos/sandbox/mapEditor/map-editor-react/src/components/App.tsx": {"path":"/Users/yeewai/repos/sandbox/mapEditor/map-editor-react/src/components/App.tsx","statementMap":{"0":{"start":{"line":12,"column":0},"end":{"line":12,"column":24}},"1":{"start":{"line":12,"column":18},"end":{"line":12,"column":33}},"2":{"start":{"line":13,"column":4},"end":{"line":32,"column":5}},"3":{"start":{"line":21,"column":8},"end":{"line":29,"column":46}},"4":{"start":{"line":33,"column":0},"end":{"line":null,"column":-1}}},"fnMap":{"0":{"name":"(anonymous_5)","decl":{"start":{"line":12,"column":0},"end":{"line":null,"column":-1}},"loc":{"start":{"line":12,"column":0},"end":{"line":12,"column":17}}},"1":{"name":"(anonymous_7)","decl":{"start":{"line":13,"column":4},"end":{"line":null,"column":-1}},"loc":{"start":{"line":13,"column":4},"end":{"line":32,"column":5}}}},"branchMap":{},"s":{"0":1,"1":1,"2":1,"3":1,"4":1},"f":{"0":2,"1":1},"b":{}}
,"/Users/yeewai/repos/sandbox/mapEditor/map-editor-react/src/components/StructuresView/AddStructureDefinitionModal.tsx": {"path":"/Users/yeewai/repos/sandbox/mapEditor/map-editor-react/src/components/StructuresView/AddStructureDefinitionModal.tsx","statementMap":{"0":{"start":{"line":11,"column":13},"end":{"line":13,"column":2}},"1":{"start":{"line":12,"column":24},"end":{"line":12,"column":41}},"2":{"start":{"line":19,"column":13},"end":{"line":32,"column":1}},"3":{"start":{"line":19,"column":53},"end":{"line":19,"column":61}},"4":{"start":{"line":20,"column":4},"end":{"line":27,"column":20}}},"fnMap":{"0":{"name":"(anonymous_0)","decl":{"start":{"line":11,"column":13},"end":{"line":11,"column":33}},"loc":{"start":{"line":11,"column":13},"end":{"line":13,"column":2}}},"1":{"name":"(anonymous_1)","decl":{"start":{"line":12,"column":4},"end":{"line":12,"column":21}},"loc":{"start":{"line":12,"column":24},"end":{"line":12,"column":43}}},"2":{"name":"(anonymous_2)","decl":{"start":{"line":19,"column":13},"end":{"line":19,"column":50}},"loc":{"start":{"line":19,"column":13},"end":{"line":32,"column":1}}}},"branchMap":{},"s":{"0":3,"1":1,"2":2,"3":2,"4":1},"f":{"0":1,"1":1,"2":1},"b":{}}
,"/Users/yeewai/repos/sandbox/mapEditor/map-editor-react/src/components/StructuresView/EditStructureDefinitionModal.tsx": {"path":"/Users/yeewai/repos/sandbox/mapEditor/map-editor-react/src/components/StructuresView/EditStructureDefinitionModal.tsx","statementMap":{"0":{"start":{"line":11,"column":13},"end":{"line":13,"column":2}},"1":{"start":{"line":12,"column":24},"end":{"line":12,"column":43}},"2":{"start":{"line":20,"column":13},"end":{"line":34,"column":1}},"3":{"start":{"line":20,"column":53},"end":{"line":20,"column":61}},"4":{"start":{"line":20,"column":62},"end":{"line":20,"column":64}},"5":{"start":{"line":21,"column":4},"end":{"line":28,"column":20}}},"fnMap":{"0":{"name":"(anonymous_0)","decl":{"start":{"line":11,"column":13},"end":{"line":11,"column":33}},"loc":{"start":{"line":11,"column":13},"end":{"line":13,"column":2}}},"1":{"name":"(anonymous_1)","decl":{"start":{"line":12,"column":4},"end":{"line":12,"column":21}},"loc":{"start":{"line":12,"column":24},"end":{"line":12,"column":43}}},"2":{"name":"(anonymous_2)","decl":{"start":{"line":20,"column":13},"end":{"line":20,"column":50}},"loc":{"start":{"line":20,"column":13},"end":{"line":34,"column":1}}}},"branchMap":{},"s":{"0":3,"1":1,"2":2,"3":2,"4":1,"5":1},"f":{"0":1,"1":1,"2":1},"b":{}}
,"/Users/yeewai/repos/sandbox/mapEditor/map-editor-react/src/components/StructuresView/StructureCard.tsx": {"path":"/Users/yeewai/repos/sandbox/mapEditor/map-editor-react/src/components/StructuresView/StructureCard.tsx","statementMap":{"0":{"start":{"line":12,"column":13},"end":{"line":31,"column":1}},"1":{"start":{"line":12,"column":56},"end":{"line":12,"column":74}},"2":{"start":{"line":13,"column":4},"end":{"line":23,"column":129}}},"fnMap":{"0":{"name":"(anonymous_0)","decl":{"start":{"line":12,"column":13},"end":{"line":12,"column":51}},"loc":{"start":{"line":12,"column":13},"end":{"line":31,"column":1}}}},"branchMap":{},"s":{"0":3,"1":1,"2":1},"f":{"0":1},"b":{}}
,"/Users/yeewai/repos/sandbox/mapEditor/map-editor-react/src/components/StructuresView/StructureDefinitionForm.tsx": {"path":"/Users/yeewai/repos/sandbox/mapEditor/map-editor-react/src/components/StructuresView/StructureDefinitionForm.tsx","statementMap":{"0":{"start":{"line":24,"column":13},"end":{"line":24,"column":45}},"1":{"start":{"line":25,"column":7},"end":{"line":25,"column":11}},"2":{"start":{"line":26,"column":14},"end":{"line":26,"column":24}},"3":{"start":{"line":28,"column":8},"end":{"line":33,"column":28}},"4":{"start":{"line":42,"column":13},"end":{"line":85,"column":1}},"5":{"start":{"line":42,"column":65},"end":{"line":42,"column":80}},"6":{"start":{"line":42,"column":81},"end":{"line":42,"column":83}},"7":{"start":{"line":42,"column":83},"end":{"line":42,"column":94}},"8":{"start":{"line":42,"column":83},"end":{"line":42,"column":95}},"9":{"start":{"line":47,"column":10},"end":{"line":47,"column":22}},"10":{"start":{"line":49,"column":10},"end":{"line":49,"column":40}},"11":{"start":{"line":69,"column":4},"end":{"line":79,"column":26}},"12":{"start":{"line":73,"column":30},"end":{"line":73,"column":57}},"13":{"start":{"line":87,"column":13},"end":{"line":106,"column":1}},"14":{"start":{"line":88,"column":10},"end":{"line":88,"column":16}},"15":{"start":{"line":89,"column":10},"end":{"line":89,"column":22}},"16":{"start":{"line":90,"column":10},"end":{"line":90,"column":19}},"17":{"start":{"line":91,"column":10},"end":{"line":91,"column":22}},"18":{"start":{"line":93,"column":10},"end":{"line":93,"column":21}},"19":{"start":{"line":94,"column":10},"end":{"line":94,"column":17}},"20":{"start":{"line":95,"column":10},"end":{"line":95,"column":32}},"21":{"start":{"line":108,"column":13},"end":{"line":108,"column":19}}},"fnMap":{"0":{"name":"(anonymous_1)","decl":{"start":{"line":24,"column":13},"end":{"line":24,"column":31}},"loc":{"start":{"line":24,"column":13},"end":{"line":24,"column":45}}},"1":{"name":"(anonymous_3)","decl":{"start":{"line":26,"column":14},"end":{"line":26,"column":23}},"loc":{"start":{"line":26,"column":14},"end":{"line":26,"column":24}}},"2":{"name":"(anonymous_4)","decl":{"start":{"line":42,"column":13},"end":{"line":42,"column":61}},"loc":{"start":{"line":42,"column":13},"end":{"line":85,"column":1}}},"3":{"name":"(anonymous_5)","decl":{"start":{"line":73,"column":30},"end":{"line":73,"column":29}},"loc":{"start":{"line":73,"column":30},"end":{"line":73,"column":57}}},"4":{"name":"(anonymous_6)","decl":{"start":{"line":87,"column":13},"end":{"line":87,"column":30}},"loc":{"start":{"line":87,"column":13},"end":{"line":106,"column":1}}}},"branchMap":{"0":{"loc":{"start":{"line":78,"column":21},"end":{"line":79,"column":26}},"type":"cond-expr","locations":[{"start":{"line":78,"column":21},"end":{"line":79,"column":26}},{"start":{"line":79,"column":26},"end":{"line":79,"column":35}}]},"1":{"loc":{"start":{"line":89,"column":10},"end":{"line":89,"column":22}},"type":"binary-expr","locations":[{"start":{"line":89,"column":10},"end":{"line":89,"column":22}},{"start":{"line":89,"column":10},"end":{"line":89,"column":22}},{"start":{"line":89,"column":10},"end":{"line":89,"column":22}}]},"2":{"loc":{"start":{"line":90,"column":10},"end":{"line":90,"column":19}},"type":"binary-expr","locations":[{"start":{"line":90,"column":10},"end":{"line":90,"column":19}},{"start":{"line":90,"column":10},"end":{"line":90,"column":19}}]},"3":{"loc":{"start":{"line":91,"column":10},"end":{"line":91,"column":22}},"type":"binary-expr","locations":[{"start":{"line":91,"column":10},"end":{"line":91,"column":22}},{"start":{"line":91,"column":10},"end":{"line":91,"column":22}},{"start":{"line":91,"column":10},"end":{"line":91,"column":22}}]},"4":{"loc":{"start":{"line":93,"column":10},"end":{"line":93,"column":20}},"type":"binary-expr","locations":[{"start":{"line":93,"column":10},"end":{"line":93,"column":20}},{"start":{"line":93,"column":10},"end":{"line":93,"column":20}},{"start":{"line":93,"column":10},"end":{"line":93,"column":20}},{"start":{"line":93,"column":10},"end":{"line":93,"column":21}}]},"5":{"loc":{"start":{"line":95,"column":10},"end":{"line":95,"column":25}},"type":"cond-expr","locations":[{"start":{"line":95,"column":10},"end":{"line":95,"column":25}},{"start":{"line":95,"column":10},"end":{"line":95,"column":32}}]}},"s":{"0":7,"1":1,"2":3,"3":1,"4":4,"5":4,"6":2,"7":4,"8":2,"9":2,"10":2,"11":2,"12":10,"13":4,"14":3,"15":3,"16":3,"17":3,"18":3,"19":3,"20":3,"21":4},"f":{"0":4,"1":2,"2":2,"3":10,"4":3},"b":{"0":[1,1],"1":[3,3,3],"2":[3,3],"3":[3,3,3],"4":[3,3,2,1],"5":[1,2]}}
,"/Users/yeewai/repos/sandbox/mapEditor/map-editor-react/src/components/StructuresView/StructuresList.tsx": {"path":"/Users/yeewai/repos/sandbox/mapEditor/map-editor-react/src/components/StructuresView/StructuresList.tsx","statementMap":{"0":{"start":{"line":17,"column":13},"end":{"line":19,"column":2}},"1":{"start":{"line":25,"column":13},"end":{"line":46,"column":1}},"2":{"start":{"line":25,"column":52},"end":{"line":25,"column":71}},"3":{"start":{"line":25,"column":52},"end":{"line":25,"column":72}},"4":{"start":{"line":26,"column":4},"end":{"line":38,"column":33}},"5":{"start":{"line":33,"column":56},"end":{"line":38,"column":32}},"6":{"start":{"line":37,"column":63},"end":{"line":38,"column":32}}},"fnMap":{"0":{"name":"(anonymous_0)","decl":{"start":{"line":17,"column":13},"end":{"line":17,"column":30}},"loc":{"start":{"line":17,"column":13},"end":{"line":19,"column":2}}},"1":{"name":"(anonymous_1)","decl":{"start":{"line":25,"column":13},"end":{"line":25,"column":47}},"loc":{"start":{"line":25,"column":13},"end":{"line":46,"column":1}}},"2":{"name":"(anonymous_2)","decl":{"start":{"line":33,"column":55},"end":{"line":33,"column":55}},"loc":{"start":{"line":33,"column":56},"end":{"line":38,"column":33}}},"3":{"name":"(anonymous_3)","decl":{"start":{"line":37,"column":61},"end":{"line":37,"column":62}},"loc":{"start":{"line":37,"column":63},"end":{"line":38,"column":32}}}},"branchMap":{},"s":{"0":7,"1":5,"2":2,"3":2,"4":2,"5":2,"6":3},"f":{"0":2,"1":2,"2":2,"3":3},"b":{}}
,"/Users/yeewai/repos/sandbox/mapEditor/map-editor-react/src/components/StructuresView/index.tsx": {"path":"/Users/yeewai/repos/sandbox/mapEditor/map-editor-react/src/components/StructuresView/index.tsx","statementMap":{"0":{"start":{"line":25,"column":0},"end":{"line":25,"column":35}},"1":{"start":{"line":25,"column":29},"end":{"line":25,"column":70}},"2":{"start":{"line":26,"column":4},"end":{"line":29,"column":5}},"3":{"start":{"line":27,"column":16},"end":{"line":27,"column":40}},"4":{"start":{"line":28,"column":8},"end":{"line":null,"column":-1}},"5":{"start":{"line":31,"column":4},"end":{"line":34,"column":5}},"6":{"start":{"line":32,"column":14},"end":{"line":32,"column":53}},"7":{"start":{"line":32,"column":14},"end":{"line":32,"column":16}},"8":{"start":{"line":33,"column":8},"end":{"line":33,"column":44}},"9":{"start":{"line":35,"column":0},"end":{"line":null,"column":-1}},"10":{"start":{"line":37,"column":24},"end":{"line":41,"column":2}},"11":{"start":{"line":37,"column":25},"end":{"line":41,"column":2}},"12":{"start":{"line":43,"column":27},"end":{"line":45,"column":2}},"13":{"start":{"line":43,"column":28},"end":{"line":45,"column":2}},"14":{"start":{"line":44,"column":31},"end":{"line":44,"column":38}}},"fnMap":{"0":{"name":"(anonymous_5)","decl":{"start":{"line":25,"column":0},"end":{"line":null,"column":-1}},"loc":{"start":{"line":25,"column":0},"end":{"line":25,"column":28}}},"1":{"name":"(anonymous_7)","decl":{"start":{"line":26,"column":4},"end":{"line":null,"column":-1}},"loc":{"start":{"line":26,"column":4},"end":{"line":29,"column":5}}},"2":{"name":"(anonymous_8)","decl":{"start":{"line":31,"column":4},"end":{"line":null,"column":-1}},"loc":{"start":{"line":31,"column":4},"end":{"line":34,"column":5}}},"3":{"name":"(anonymous_9)","decl":{"start":{"line":37,"column":24},"end":{"line":37,"column":24}},"loc":{"start":{"line":37,"column":25},"end":{"line":41,"column":2}}},"4":{"name":"(anonymous_10)","decl":{"start":{"line":43,"column":27},"end":{"line":43,"column":27}},"loc":{"start":{"line":43,"column":28},"end":{"line":45,"column":2}}},"5":{"name":"(anonymous_11)","decl":{"start":{"line":44,"column":4},"end":{"line":44,"column":30}},"loc":{"start":{"line":44,"column":31},"end":{"line":44,"column":38}}}},"branchMap":{"0":{"loc":{"start":{"line":33,"column":15},"end":{"line":33,"column":29}},"type":"cond-expr","locations":[{"start":{"line":33,"column":15},"end":{"line":33,"column":29}},{"start":{"line":33,"column":29},"end":{"line":33,"column":44}}]},"1":{"loc":{"start":{"line":33,"column":15},"end":{"line":33,"column":29}},"type":"binary-expr","locations":[{"start":{"line":33,"column":15},"end":{"line":33,"column":29}},{"start":{"line":33,"column":29},"end":{"line":33,"column":43}}]}},"s":{"0":2,"1":2,"2":2,"3":3,"4":3,"5":2,"6":6,"7":3,"8":3,"9":2,"10":2,"11":3,"12":2,"13":3,"14":3},"f":{"0":5,"1":3,"2":3,"3":3,"4":3,"5":3},"b":{"0":[1,2],"1":[1,1]}}
,"/Users/yeewai/repos/sandbox/mapEditor/map-editor-react/src/components/WorldsView/AddWorldModal.tsx": {"path":"/Users/yeewai/repos/sandbox/mapEditor/map-editor-react/src/components/WorldsView/AddWorldModal.tsx","statementMap":{"0":{"start":{"line":11,"column":13},"end":{"line":13,"column":2}},"1":{"start":{"line":12,"column":24},"end":{"line":12,"column":40}},"2":{"start":{"line":19,"column":13},"end":{"line":32,"column":1}},"3":{"start":{"line":19,"column":53},"end":{"line":19,"column":61}},"4":{"start":{"line":19,"column":53},"end":{"line":19,"column":62}},"5":{"start":{"line":20,"column":4},"end":{"line":26,"column":17}}},"fnMap":{"0":{"name":"(anonymous_0)","decl":{"start":{"line":11,"column":13},"end":{"line":11,"column":33}},"loc":{"start":{"line":11,"column":13},"end":{"line":13,"column":2}}},"1":{"name":"(anonymous_1)","decl":{"start":{"line":12,"column":4},"end":{"line":12,"column":21}},"loc":{"start":{"line":12,"column":24},"end":{"line":12,"column":40}}},"2":{"name":"(anonymous_2)","decl":{"start":{"line":19,"column":13},"end":{"line":19,"column":50}},"loc":{"start":{"line":19,"column":13},"end":{"line":32,"column":1}}}},"branchMap":{},"s":{"0":3,"1":1,"2":2,"3":1,"4":1,"5":1},"f":{"0":1,"1":1,"2":1},"b":{}}
,"/Users/yeewai/repos/sandbox/mapEditor/map-editor-react/src/components/WorldsView/WorldForm.tsx": {"path":"/Users/yeewai/repos/sandbox/mapEditor/map-editor-react/src/components/WorldsView/WorldForm.tsx","statementMap":{"0":{"start":{"line":24,"column":13},"end":{"line":64,"column":1}},"1":{"start":{"line":24,"column":51},"end":{"line":24,"column":66}},"2":{"start":{"line":24,"column":67},"end":{"line":24,"column":69}},"3":{"start":{"line":24,"column":69},"end":{"line":24,"column":80}},"4":{"start":{"line":25,"column":10},"end":{"line":25,"column":22}},"5":{"start":{"line":27,"column":10},"end":{"line":27,"column":40}},"6":{"start":{"line":47,"column":4},"end":{"line":58,"column":26}},"7":{"start":{"line":51,"column":29},"end":{"line":51,"column":56}},"8":{"start":{"line":66,"column":13},"end":{"line":79,"column":1}},"9":{"start":{"line":67,"column":10},"end":{"line":67,"column":16}},"10":{"start":{"line":68,"column":10},"end":{"line":68,"column":22}},"11":{"start":{"line":69,"column":10},"end":{"line":69,"column":19}},"12":{"start":{"line":70,"column":10},"end":{"line":70,"column":22}},"13":{"start":{"line":81,"column":13},"end":{"line":81,"column":19}}},"fnMap":{"0":{"name":"(anonymous_1)","decl":{"start":{"line":24,"column":13},"end":{"line":24,"column":47}},"loc":{"start":{"line":24,"column":13},"end":{"line":64,"column":1}}},"1":{"name":"(anonymous_2)","decl":{"start":{"line":51,"column":29},"end":{"line":51,"column":28}},"loc":{"start":{"line":51,"column":29},"end":{"line":51,"column":56}}},"2":{"name":"(anonymous_3)","decl":{"start":{"line":66,"column":13},"end":{"line":66,"column":30}},"loc":{"start":{"line":66,"column":13},"end":{"line":79,"column":1}}}},"branchMap":{"0":{"loc":{"start":{"line":57,"column":21},"end":{"line":58,"column":26}},"type":"cond-expr","locations":[{"start":{"line":57,"column":21},"end":{"line":58,"column":26}},{"start":{"line":58,"column":26},"end":{"line":58,"column":35}}]},"1":{"loc":{"start":{"line":68,"column":10},"end":{"line":68,"column":22}},"type":"binary-expr","locations":[{"start":{"line":68,"column":10},"end":{"line":68,"column":22}},{"start":{"line":68,"column":10},"end":{"line":68,"column":22}},{"start":{"line":68,"column":10},"end":{"line":68,"column":22}}]},"2":{"loc":{"start":{"line":69,"column":10},"end":{"line":69,"column":19}},"type":"binary-expr","locations":[{"start":{"line":69,"column":10},"end":{"line":69,"column":19}},{"start":{"line":69,"column":10},"end":{"line":69,"column":19}}]},"3":{"loc":{"start":{"line":70,"column":10},"end":{"line":70,"column":22}},"type":"binary-expr","locations":[{"start":{"line":70,"column":10},"end":{"line":70,"column":22}},{"start":{"line":70,"column":10},"end":{"line":70,"column":22}},{"start":{"line":70,"column":10},"end":{"line":70,"column":22}}]}},"s":{"0":3,"1":2,"2":1,"3":2,"4":1,"5":1,"6":1,"7":5,"8":3,"9":1,"10":1,"11":1,"12":1,"13":3},"f":{"0":1,"1":5,"2":1},"b":{"0":[1,0],"1":[1,1,1],"2":[1,1],"3":[1,1,1]}}
,"/Users/yeewai/repos/sandbox/mapEditor/map-editor-react/src/components/WorldsView/WorldsList.tsx": {"path":"/Users/yeewai/repos/sandbox/mapEditor/map-editor-react/src/components/WorldsView/WorldsList.tsx","statementMap":{"0":{"start":{"line":17,"column":13},"end":{"line":19,"column":2}},"1":{"start":{"line":26,"column":13},"end":{"line":48,"column":1}},"2":{"start":{"line":26,"column":54},"end":{"line":26,"column":59}},"3":{"start":{"line":26,"column":75},"end":{"line":27,"column":4}},"4":{"start":{"line":35,"column":22},"end":{"line":35,"column":36}},"5":{"start":{"line":37,"column":20},"end":{"line":40,"column":63}}},"fnMap":{"0":{"name":"(anonymous_0)","decl":{"start":{"line":17,"column":13},"end":{"line":17,"column":30}},"loc":{"start":{"line":17,"column":13},"end":{"line":19,"column":2}}},"1":{"name":"(anonymous_1)","decl":{"start":{"line":26,"column":13},"end":{"line":26,"column":48}},"loc":{"start":{"line":26,"column":13},"end":{"line":48,"column":1}}},"2":{"name":"(anonymous_2)","decl":{"start":{"line":33,"column":29},"end":{"line":34,"column":20}},"loc":{"start":{"line":33,"column":29},"end":{"line":27,"column":4}}}},"branchMap":{"0":{"loc":{"start":{"line":40,"column":63},"end":{"line":40,"column":68}},"type":"binary-expr","locations":[{"start":{"line":40,"column":63},"end":{"line":40,"column":68}},{"start":{"line":40,"column":63},"end":{"line":40,"column":68}}]}},"s":{"0":5,"1":3,"2":4,"3":2,"4":2,"5":2},"f":{"0":2,"1":2,"2":2},"b":{"0":[2,1]}}
,"/Users/yeewai/repos/sandbox/mapEditor/map-editor-react/src/components/WorldsView/index.tsx": {"path":"/Users/yeewai/repos/sandbox/mapEditor/map-editor-react/src/components/WorldsView/index.tsx","statementMap":{"0":{"start":{"line":18,"column":24},"end":{"line":22,"column":2}},"1":{"start":{"line":18,"column":25},"end":{"line":22,"column":2}},"2":{"start":{"line":27,"column":27},"end":{"line":32,"column":2}},"3":{"start":{"line":27,"column":28},"end":{"line":32,"column":2}},"4":{"start":{"line":29,"column":8},"end":{"line":29,"column":17}},"5":{"start":{"line":30,"column":8},"end":{"line":30,"column":17}},"6":{"start":{"line":38,"column":0},"end":{"line":38,"column":31}},"7":{"start":{"line":38,"column":25},"end":{"line":38,"column":62}},"8":{"start":{"line":39,"column":4},"end":{"line":42,"column":5}},"9":{"start":{"line":40,"column":16},"end":{"line":40,"column":26}},"10":{"start":{"line":41,"column":8},"end":{"line":null,"column":-1}},"11":{"start":{"line":44,"column":4},"end":{"line":53,"column":5}},"12":{"start":{"line":45,"column":14},"end":{"line":45,"column":47}},"13":{"start":{"line":45,"column":14},"end":{"line":45,"column":48}},"14":{"start":{"line":46,"column":8},"end":{"line":51,"column":11}},"15":{"start":{"line":54,"column":0},"end":{"line":null,"column":-1}}},"fnMap":{"0":{"name":"(anonymous_5)","decl":{"start":{"line":18,"column":24},"end":{"line":18,"column":24}},"loc":{"start":{"line":18,"column":25},"end":{"line":22,"column":2}}},"1":{"name":"(anonymous_6)","decl":{"start":{"line":27,"column":27},"end":{"line":27,"column":27}},"loc":{"start":{"line":27,"column":28},"end":{"line":32,"column":2}}},"2":{"name":"(anonymous_7)","decl":{"start":{"line":28,"column":4},"end":{"line":28,"column":16}},"loc":{"start":{"line":28,"column":17},"end":{"line":27,"column":46}}},"3":{"name":"(anonymous_8)","decl":{"start":{"line":38,"column":0},"end":{"line":null,"column":-1}},"loc":{"start":{"line":38,"column":0},"end":{"line":38,"column":24}}},"4":{"name":"(anonymous_10)","decl":{"start":{"line":39,"column":4},"end":{"line":null,"column":-1}},"loc":{"start":{"line":39,"column":4},"end":{"line":42,"column":5}}},"5":{"name":"(anonymous_11)","decl":{"start":{"line":44,"column":4},"end":{"line":null,"column":-1}},"loc":{"start":{"line":44,"column":4},"end":{"line":53,"column":5}}}},"branchMap":{"0":{"loc":{"start":{"line":19,"column":4},"end":{"line":19,"column":16}},"type":"binary-expr","locations":[{"start":{"line":19,"column":4},"end":{"line":19,"column":16}},{"start":{"line":19,"column":16},"end":{"line":19,"column":30}}]},"1":{"loc":{"start":{"line":20,"column":4},"end":{"line":20,"column":16}},"type":"binary-expr","locations":[{"start":{"line":20,"column":4},"end":{"line":20,"column":16}},{"start":{"line":20,"column":16},"end":{"line":20,"column":30}}]},"2":{"loc":{"start":{"line":21,"column":4},"end":{"line":21,"column":11}},"type":"binary-expr","locations":[{"start":{"line":21,"column":4},"end":{"line":21,"column":11}},{"start":{"line":21,"column":11},"end":{"line":21,"column":25}}]},"3":{"loc":{"start":{"line":47,"column":13},"end":{"line":49,"column":17}},"type":"cond-expr","locations":[{"start":{"line":47,"column":13},"end":{"line":49,"column":17}},{"start":{"line":51,"column":11},"end":{"line":51,"column":29}}]}},"s":{"0":2,"1":3,"2":2,"3":3,"4":3,"5":3,"6":2,"7":2,"8":2,"9":3,"10":3,"11":2,"12":6,"13":3,"14":3,"15":2},"f":{"0":3,"1":3,"2":3,"3":5,"4":3,"5":3},"b":{"0":[3,0],"1":[3,1],"2":[3,0],"3":[1,2]}}
,"/Users/yeewai/repos/sandbox/mapEditor/map-editor-react/src/components/WorldsView/MapEditor/CameraControls.tsx": {"path":"/Users/yeewai/repos/sandbox/mapEditor/map-editor-react/src/components/WorldsView/MapEditor/CameraControls.tsx","statementMap":{"0":{"start":{"line":21,"column":13},"end":{"line":30,"column":2}},"1":{"start":{"line":22,"column":12},"end":{"line":22,"column":19}},"2":{"start":{"line":23,"column":13},"end":{"line":23,"column":20}},"3":{"start":{"line":24,"column":15},"end":{"line":24,"column":22}},"4":{"start":{"line":25,"column":11},"end":{"line":25,"column":18}},"5":{"start":{"line":26,"column":13},"end":{"line":26,"column":20}},"6":{"start":{"line":27,"column":13},"end":{"line":27,"column":20}},"7":{"start":{"line":28,"column":14},"end":{"line":28,"column":21}},"8":{"start":{"line":29,"column":14},"end":{"line":29,"column":21}},"9":{"start":{"line":33,"column":13},"end":{"line":52,"column":1}},"10":{"start":{"line":34,"column":4},"end":{"line":34,"column":9}},"11":{"start":{"line":34,"column":4},"end":{"line":34,"column":10}},"12":{"start":{"line":34,"column":12},"end":{"line":34,"column":18}},"13":{"start":{"line":34,"column":19},"end":{"line":34,"column":21}},"14":{"start":{"line":34,"column":21},"end":{"line":34,"column":29}},"15":{"start":{"line":38,"column":4},"end":{"line":48,"column":33}}},"fnMap":{"0":{"name":"(anonymous_0)","decl":{"start":{"line":21,"column":13},"end":{"line":21,"column":33}},"loc":{"start":{"line":21,"column":13},"end":{"line":30,"column":2}}},"1":{"name":"(anonymous_1)","decl":{"start":{"line":22,"column":4},"end":{"line":22,"column":11}},"loc":{"start":{"line":22,"column":12},"end":{"line":22,"column":19}}},"2":{"name":"(anonymous_2)","decl":{"start":{"line":23,"column":4},"end":{"line":23,"column":12}},"loc":{"start":{"line":23,"column":13},"end":{"line":23,"column":20}}},"3":{"name":"(anonymous_3)","decl":{"start":{"line":24,"column":4},"end":{"line":24,"column":14}},"loc":{"start":{"line":24,"column":15},"end":{"line":24,"column":22}}},"4":{"name":"(anonymous_4)","decl":{"start":{"line":25,"column":4},"end":{"line":25,"column":10}},"loc":{"start":{"line":25,"column":11},"end":{"line":25,"column":18}}},"5":{"name":"(anonymous_5)","decl":{"start":{"line":26,"column":4},"end":{"line":26,"column":12}},"loc":{"start":{"line":26,"column":13},"end":{"line":26,"column":20}}},"6":{"name":"(anonymous_6)","decl":{"start":{"line":27,"column":4},"end":{"line":27,"column":12}},"loc":{"start":{"line":27,"column":13},"end":{"line":27,"column":20}}},"7":{"name":"(anonymous_7)","decl":{"start":{"line":28,"column":4},"end":{"line":28,"column":13}},"loc":{"start":{"line":28,"column":14},"end":{"line":28,"column":21}}},"8":{"name":"(anonymous_8)","decl":{"start":{"line":29,"column":4},"end":{"line":29,"column":13}},"loc":{"start":{"line":29,"column":14},"end":{"line":29,"column":21}}},"9":{"name":"(anonymous_9)","decl":{"start":{"line":33,"column":13},"end":{"line":33,"column":55}},"loc":{"start":{"line":33,"column":13},"end":{"line":52,"column":1}}}},"branchMap":{},"s":{"0":12,"1":1,"2":1,"3":1,"4":1,"5":1,"6":1,"7":1,"8":1,"9":4,"10":2,"11":1,"12":3,"13":1,"14":1,"15":1},"f":{"0":8,"1":1,"2":1,"3":1,"4":1,"5":1,"6":1,"7":1,"8":1,"9":1},"b":{}}
,"/Users/yeewai/repos/sandbox/mapEditor/map-editor-react/src/components/WorldsView/MapEditor/DrawAddStructureDefinitionTile.tsx": {"path":"/Users/yeewai/repos/sandbox/mapEditor/map-editor-react/src/components/WorldsView/MapEditor/DrawAddStructureDefinitionTile.tsx","statementMap":{"0":{"start":{"line":19,"column":13},"end":{"line":22,"column":2}},"1":{"start":{"line":26,"column":13},"end":{"line":47,"column":1}},"2":{"start":{"line":26,"column":72},"end":{"line":26,"column":87}},"3":{"start":{"line":26,"column":72},"end":{"line":26,"column":90}},"4":{"start":{"line":26,"column":90},"end":{"line":26,"column":113}},"5":{"start":{"line":27,"column":4},"end":{"line":27,"column":70}},"6":{"start":{"line":27,"column":56},"end":{"line":27,"column":63}},"7":{"start":{"line":28,"column":10},"end":{"line":28,"column":65}},"8":{"start":{"line":30,"column":4},"end":{"line":43,"column":60}}},"fnMap":{"0":{"name":"(anonymous_0)","decl":{"start":{"line":19,"column":13},"end":{"line":19,"column":30}},"loc":{"start":{"line":19,"column":13},"end":{"line":22,"column":2}}},"1":{"name":"(anonymous_1)","decl":{"start":{"line":26,"column":13},"end":{"line":26,"column":67}},"loc":{"start":{"line":26,"column":13},"end":{"line":47,"column":1}}},"2":{"name":"(anonymous_2)","decl":{"start":{"line":28,"column":10},"end":{"line":28,"column":34}},"loc":{"start":{"line":28,"column":10},"end":{"line":28,"column":65}}}},"branchMap":{"0":{"loc":{"start":{"line":27,"column":4},"end":{"line":27,"column":70}},"type":"if","locations":[{"start":{"line":27,"column":4},"end":{"line":27,"column":70}},{"start":{"line":27,"column":4},"end":{"line":27,"column":70}}]},"1":{"loc":{"start":{"line":27,"column":10},"end":{"line":27,"column":37}},"type":"binary-expr","locations":[{"start":{"line":27,"column":10},"end":{"line":27,"column":37}},{"start":{"line":27,"column":10},"end":{"line":27,"column":37}}]},"2":{"loc":{"start":{"line":33,"column":18},"end":{"line":37,"column":48}},"type":"cond-expr","locations":[{"start":{"line":33,"column":18},"end":{"line":37,"column":48}},{"start":{"line":31,"column":8},"end":{"line":null,"column":-1}}]}},"s":{"0":6,"1":5,"2":4,"3":4,"4":4,"5":4,"6":2,"7":3,"8":2},"f":{"0":1,"1":4,"2":1},"b":{"0":[2,2],"1":[4,3],"2":[1,1]}}
,"/Users/yeewai/repos/sandbox/mapEditor/map-editor-react/src/components/WorldsView/MapEditor/DrawBoard.tsx": {"path":"/Users/yeewai/repos/sandbox/mapEditor/map-editor-react/src/components/WorldsView/MapEditor/DrawBoard.tsx","statementMap":{"0":{"start":{"line":24,"column":13},"end":{"line":27,"column":2}},"1":{"start":{"line":25,"column":23},"end":{"line":25,"column":31}},"2":{"start":{"line":26,"column":23},"end":{"line":26,"column":31}},"3":{"start":{"line":31,"column":0},"end":{"line":31,"column":37}},"4":{"start":{"line":31,"column":31},"end":{"line":31,"column":62}},"5":{"start":{"line":32,"column":4},"end":{"line":34,"column":5}},"6":{"start":{"line":33,"column":8},"end":{"line":33,"column":46}},"7":{"start":{"line":36,"column":4},"end":{"line":50,"column":5}},"8":{"start":{"line":37,"column":14},"end":{"line":37,"column":63}},"9":{"start":{"line":37,"column":14},"end":{"line":37,"column":64}},"10":{"start":{"line":37,"column":16},"end":{"line":37,"column":20}},"11":{"start":{"line":39,"column":8},"end":{"line":44,"column":59}},"12":{"start":{"line":41,"column":35},"end":{"line":44,"column":59}},"13":{"start":{"line":42,"column":35},"end":{"line":43,"column":26}},"14":{"start":{"line":51,"column":0},"end":{"line":null,"column":-1}}},"fnMap":{"0":{"name":"(anonymous_5)","decl":{"start":{"line":24,"column":13},"end":{"line":24,"column":33}},"loc":{"start":{"line":24,"column":13},"end":{"line":27,"column":2}}},"1":{"name":"(anonymous_6)","decl":{"start":{"line":25,"column":4},"end":{"line":25,"column":17}},"loc":{"start":{"line":25,"column":20},"end":{"line":25,"column":23}}},"2":{"name":"(anonymous_7)","decl":{"start":{"line":26,"column":4},"end":{"line":26,"column":17}},"loc":{"start":{"line":26,"column":20},"end":{"line":26,"column":23}}},"3":{"name":"(anonymous_8)","decl":{"start":{"line":31,"column":0},"end":{"line":null,"column":-1}},"loc":{"start":{"line":31,"column":0},"end":{"line":31,"column":30}}},"4":{"name":"(anonymous_10)","decl":{"start":{"line":32,"column":4},"end":{"line":32,"column":25}},"loc":{"start":{"line":32,"column":26},"end":{"line":34,"column":5}}},"5":{"name":"(anonymous_11)","decl":{"start":{"line":36,"column":4},"end":{"line":null,"column":-1}},"loc":{"start":{"line":36,"column":4},"end":{"line":50,"column":5}}},"6":{"name":"(anonymous_12)","decl":{"start":{"line":41,"column":29},"end":{"line":41,"column":29}},"loc":{"start":{"line":41,"column":35},"end":{"line":44,"column":59}}},"7":{"name":"(anonymous_13)","decl":{"start":{"line":41,"column":35},"end":{"line":41,"column":40}},"loc":{"start":{"line":41,"column":35},"end":{"line":44,"column":59}}},"8":{"name":"(anonymous_14)","decl":{"start":{"line":42,"column":29},"end":{"line":42,"column":29}},"loc":{"start":{"line":42,"column":30},"end":{"line":42,"column":35}}},"9":{"name":"(anonymous_15)","decl":{"start":{"line":42,"column":35},"end":{"line":43,"column":26}},"loc":{"start":{"line":42,"column":35},"end":{"line":43,"column":26}}}},"branchMap":{"0":{"loc":{"start":{"line":44,"column":29},"end":{"line":44,"column":37}},"type":"binary-expr","locations":[{"start":{"line":44,"column":29},"end":{"line":44,"column":37}},{"start":{"line":44,"column":29},"end":{"line":44,"column":38}}]}},"s":{"0":7,"1":1,"2":1,"3":5,"4":5,"5":5,"6":2,"7":5,"8":4,"9":2,"10":2,"11":2,"12":24,"13":0,"14":5},"f":{"0":2,"1":1,"2":1,"3":7,"4":2,"5":2,"6":6,"7":18,"8":0,"9":0},"b":{"0":[18,18]}}
,"/Users/yeewai/repos/sandbox/mapEditor/map-editor-react/src/components/WorldsView/MapEditor/DrawMap.tsx": {"path":"/Users/yeewai/repos/sandbox/mapEditor/map-editor-react/src/components/WorldsView/MapEditor/DrawMap.tsx","statementMap":{"0":{"start":{"line":28,"column":13},"end":{"line":31,"column":2}},"1":{"start":{"line":35,"column":13},"end":{"line":67,"column":1}},"2":{"start":{"line":35,"column":49},"end":{"line":35,"column":53}},"3":{"start":{"line":36,"column":10},"end":{"line":41,"column":11}},"4":{"start":{"line":43,"column":4},"end":{"line":62,"column":67}},"5":{"start":{"line":51,"column":46},"end":{"line":55,"column":24}}},"fnMap":{"0":{"name":"(anonymous_0)","decl":{"start":{"line":28,"column":13},"end":{"line":28,"column":30}},"loc":{"start":{"line":28,"column":13},"end":{"line":31,"column":2}}},"1":{"name":"(anonymous_1)","decl":{"start":{"line":35,"column":13},"end":{"line":35,"column":44}},"loc":{"start":{"line":35,"column":13},"end":{"line":67,"column":1}}},"2":{"name":"(anonymous_2)","decl":{"start":{"line":51,"column":46},"end":{"line":51,"column":45}},"loc":{"start":{"line":51,"column":46},"end":{"line":55,"column":24}}}},"branchMap":{},"s":{"0":5,"1":4,"2":3,"3":1,"4":1,"5":1},"f":{"0":1,"1":1,"2":1},"b":{}}
,"/Users/yeewai/repos/sandbox/mapEditor/map-editor-react/src/components/WorldsView/MapEditor/DrawTile.tsx": {"path":"/Users/yeewai/repos/sandbox/mapEditor/map-editor-react/src/components/WorldsView/MapEditor/DrawTile.tsx","statementMap":{"0":{"start":{"line":22,"column":6},"end":{"line":22,"column":21}},"1":{"start":{"line":23,"column":6},"end":{"line":23,"column":23}},"2":{"start":{"line":33,"column":23},"end":{"line":36,"column":1}},"3":{"start":{"line":34,"column":10},"end":{"line":34,"column":18}},"4":{"start":{"line":35,"column":4},"end":{"line":35,"column":33}},"5":{"start":{"line":38,"column":0},"end":{"line":38,"column":36}},"6":{"start":{"line":38,"column":30},"end":{"line":38,"column":56}},"7":{"start":{"line":39,"column":4},"end":{"line":43,"column":5}},"8":{"start":{"line":40,"column":8},"end":{"line":42,"column":42}},"9":{"start":{"line":45,"column":4},"end":{"line":71,"column":5}},"10":{"start":{"line":46,"column":14},"end":{"line":46,"column":55}},"11":{"start":{"line":46,"column":14},"end":{"line":46,"column":56}},"12":{"start":{"line":46,"column":56},"end":{"line":46,"column":16}},"13":{"start":{"line":46,"column":16},"end":{"line":46,"column":34}},"14":{"start":{"line":47,"column":8},"end":{"line":51,"column":11}},"15":{"start":{"line":47,"column":36},"end":{"line":50,"column":26}},"16":{"start":{"line":53,"column":14},"end":{"line":53,"column":61}},"17":{"start":{"line":54,"column":14},"end":{"line":54,"column":22}},"18":{"start":{"line":59,"column":14},"end":{"line":59,"column":21}},"19":{"start":{"line":60,"column":14},"end":{"line":60,"column":22}},"20":{"start":{"line":62,"column":8},"end":{"line":68,"column":51}},"21":{"start":{"line":72,"column":0},"end":{"line":null,"column":-1}}},"fnMap":{"0":{"name":"(anonymous_6)","decl":{"start":{"line":33,"column":23},"end":{"line":33,"column":23}},"loc":{"start":{"line":33,"column":35},"end":{"line":36,"column":1}}},"1":{"name":"(anonymous_7)","decl":{"start":{"line":38,"column":0},"end":{"line":null,"column":-1}},"loc":{"start":{"line":38,"column":0},"end":{"line":38,"column":29}}},"2":{"name":"(anonymous_9)","decl":{"start":{"line":39,"column":4},"end":{"line":39,"column":25}},"loc":{"start":{"line":39,"column":26},"end":{"line":43,"column":5}}},"3":{"name":"(anonymous_10)","decl":{"start":{"line":45,"column":4},"end":{"line":null,"column":-1}},"loc":{"start":{"line":45,"column":4},"end":{"line":71,"column":5}}}},"branchMap":{"0":{"loc":{"start":{"line":40,"column":15},"end":{"line":40,"column":20}},"type":"binary-expr","locations":[{"start":{"line":40,"column":15},"end":{"line":40,"column":20}},{"start":{"line":41,"column":15},"end":{"line":41,"column":42}},{"start":{"line":42,"column":15},"end":{"line":42,"column":42}}]},"1":{"loc":{"start":{"line":47,"column":8},"end":{"line":51,"column":11}},"type":"if","locations":[{"start":{"line":47,"column":8},"end":{"line":51,"column":11}},{"start":{"line":47,"column":8},"end":{"line":51,"column":11}}]}},"s":{"0":7,"1":7,"2":7,"3":4,"4":4,"5":7,"6":7,"7":7,"8":2,"9":7,"10":3,"11":3,"12":3,"13":3,"14":3,"15":1,"16":2,"17":2,"18":2,"19":2,"20":2,"21":7},"f":{"0":4,"1":10,"2":2,"3":3},"b":{"0":[2,1,1],"1":[1,2]}}
,"/Users/yeewai/repos/sandbox/mapEditor/map-editor-react/src/components/WorldsView/MapEditor/StructureCard.tsx": {"path":"/Users/yeewai/repos/sandbox/mapEditor/map-editor-react/src/components/WorldsView/MapEditor/StructureCard.tsx","statementMap":{"0":{"start":{"line":18,"column":13},"end":{"line":20,"column":2}},"1":{"start":{"line":26,"column":13},"end":{"line":28,"column":2}},"2":{"start":{"line":27,"column":35},"end":{"line":27,"column":44}},"3":{"start":{"line":32,"column":13},"end":{"line":45,"column":1}},"4":{"start":{"line":32,"column":51},"end":{"line":32,"column":58}},"5":{"start":{"line":32,"column":51},"end":{"line":32,"column":59}},"6":{"start":{"line":32,"column":61},"end":{"line":32,"column":79}},"7":{"start":{"line":33,"column":4},"end":{"line":40,"column":82}},"8":{"start":{"line":34,"column":109},"end":{"line":34,"column":114}}},"fnMap":{"0":{"name":"(anonymous_0)","decl":{"start":{"line":18,"column":13},"end":{"line":18,"column":30}},"loc":{"start":{"line":18,"column":13},"end":{"line":20,"column":2}}},"1":{"name":"(anonymous_1)","decl":{"start":{"line":26,"column":13},"end":{"line":26,"column":33}},"loc":{"start":{"line":26,"column":13},"end":{"line":28,"column":2}}},"2":{"name":"(anonymous_2)","decl":{"start":{"line":27,"column":4},"end":{"line":27,"column":32}},"loc":{"start":{"line":27,"column":35},"end":{"line":27,"column":44}}},"3":{"name":"(anonymous_3)","decl":{"start":{"line":32,"column":13},"end":{"line":32,"column":46}},"loc":{"start":{"line":32,"column":13},"end":{"line":45,"column":1}}},"4":{"name":"(anonymous_4)","decl":{"start":{"line":34,"column":109},"end":{"line":34,"column":114}},"loc":{"start":{"line":34,"column":109},"end":{"line":34,"column":114}}}},"branchMap":{"0":{"loc":{"start":{"line":34,"column":34},"end":{"line":34,"column":44}},"type":"cond-expr","locations":[{"start":{"line":34,"column":34},"end":{"line":34,"column":44}},{"start":{"line":34,"column":34},"end":{"line":34,"column":44}}]},"1":{"loc":{"start":{"line":40,"column":82},"end":{"line":40,"column":101}},"type":"binary-expr","locations":[{"start":{"line":40,"column":82},"end":{"line":40,"column":101}},{"start":{"line":40,"column":82},"end":{"line":40,"column":101}}]}},"s":{"0":5,"1":5,"2":1,"3":4,"4":3,"5":3,"6":3,"7":3,"8":0},"f":{"0":1,"1":1,"2":1,"3":3,"4":0},"b":{"0":[1,2],"1":[3,2]}}
,"/Users/yeewai/repos/sandbox/mapEditor/map-editor-react/src/components/WorldsView/MapEditor/index.tsx": {"path":"/Users/yeewai/repos/sandbox/mapEditor/map-editor-react/src/components/WorldsView/MapEditor/index.tsx","statementMap":{"0":{"start":{"line":21,"column":13},"end":{"line":24,"column":2}},"1":{"start":{"line":29,"column":13},"end":{"line":31,"column":2}},"2":{"start":{"line":30,"column":22},"end":{"line":30,"column":34}},"3":{"start":{"line":35,"column":0},"end":{"line":35,"column":37}},"4":{"start":{"line":35,"column":31},"end":{"line":35,"column":58}},"5":{"start":{"line":36,"column":4},"end":{"line":39,"column":5}},"6":{"start":{"line":37,"column":14},"end":{"line":37,"column":59}},"7":{"start":{"line":37,"column":16},"end":{"line":37,"column":29}},"8":{"start":{"line":38,"column":8},"end":{"line":38,"column":23}},"9":{"start":{"line":41,"column":4},"end":{"line":60,"column":5}},"10":{"start":{"line":42,"column":16},"end":{"line":42,"column":20}},"11":{"start":{"line":43,"column":8},"end":{"line":50,"column":9}},"12":{"start":{"line":44,"column":12},"end":{"line":47,"column":53}},"13":{"start":{"line":52,"column":8},"end":{"line":57,"column":17}},"14":{"start":{"line":62,"column":0},"end":{"line":null,"column":-1}}},"fnMap":{"0":{"name":"(anonymous_5)","decl":{"start":{"line":21,"column":13},"end":{"line":21,"column":30}},"loc":{"start":{"line":21,"column":13},"end":{"line":24,"column":2}}},"1":{"name":"(anonymous_6)","decl":{"start":{"line":29,"column":13},"end":{"line":29,"column":33}},"loc":{"start":{"line":29,"column":13},"end":{"line":31,"column":2}}},"2":{"name":"(anonymous_7)","decl":{"start":{"line":30,"column":4},"end":{"line":30,"column":19}},"loc":{"start":{"line":30,"column":22},"end":{"line":30,"column":34}}},"3":{"name":"(anonymous_8)","decl":{"start":{"line":35,"column":0},"end":{"line":null,"column":-1}},"loc":{"start":{"line":35,"column":0},"end":{"line":35,"column":30}}},"4":{"name":"(anonymous_10)","decl":{"start":{"line":36,"column":4},"end":{"line":null,"column":-1}},"loc":{"start":{"line":36,"column":4},"end":{"line":39,"column":5}}},"5":{"name":"(anonymous_11)","decl":{"start":{"line":41,"column":4},"end":{"line":null,"column":-1}},"loc":{"start":{"line":41,"column":4},"end":{"line":60,"column":5}}}},"branchMap":{"0":{"loc":{"start":{"line":43,"column":8},"end":{"line":50,"column":9}},"type":"if","locations":[{"start":{"line":43,"column":8},"end":{"line":50,"column":9}},{"start":{"line":43,"column":8},"end":{"line":50,"column":9}}]}},"s":{"0":4,"1":4,"2":1,"3":3,"4":3,"5":3,"6":4,"7":2,"8":2,"9":3,"10":2,"11":2,"12":1,"13":1,"14":3},"f":{"0":1,"1":1,"2":1,"3":5,"4":2,"5":2},"b":{"0":[1,1]}}
,"/Users/yeewai/repos/sandbox/mapEditor/map-editor-react/src/components/common/LoadingIndicator.tsx": {"path":"/Users/yeewai/repos/sandbox/mapEditor/map-editor-react/src/components/common/LoadingIndicator.tsx","statementMap":{"0":{"start":{"line":8,"column":59},"end":{"line":21,"column":1}},"1":{"start":{"line":8,"column":62},"end":{"line":8,"column":78}},"2":{"start":{"line":8,"column":62},"end":{"line":8,"column":79}},"3":{"start":{"line":9,"column":4},"end":{"line":17,"column":31}}},"fnMap":{"0":{"name":"(anonymous_0)","decl":{"start":{"line":8,"column":59},"end":{"line":8,"column":59}},"loc":{"start":{"line":8,"column":60},"end":{"line":21,"column":1}}}},"branchMap":{"0":{"loc":{"start":{"line":8,"column":62},"end":{"line":8,"column":78}},"type":"cond-expr","locations":[{"start":{"line":8,"column":62},"end":{"line":8,"column":78}},{"start":{"line":8,"column":62},"end":{"line":8,"column":79}}]}},"s":{"0":3,"1":8,"2":4,"3":4},"f":{"0":4},"b":{"0":[4,0]}}
,"/Users/yeewai/repos/sandbox/mapEditor/map-editor-react/src/helpers/formHelpers.tsx": {"path":"/Users/yeewai/repos/sandbox/mapEditor/map-editor-react/src/helpers/formHelpers.tsx","statementMap":{"0":{"start":{"line":6,"column":13},"end":{"line":24,"column":1}},"1":{"start":{"line":12,"column":4},"end":{"line":24,"column":1}},"2":{"start":{"line":26,"column":20},"end":{"line":30,"column":5}},"3":{"start":{"line":27,"column":8},"end":{"line":29,"column":14}}},"fnMap":{"0":{"name":"(anonymous_0)","decl":{"start":{"line":6,"column":13},"end":{"line":6,"column":26}},"loc":{"start":{"line":12,"column":4},"end":{"line":24,"column":1}}},"1":{"name":"(anonymous_1)","decl":{"start":{"line":26,"column":20},"end":{"line":26,"column":20}},"loc":{"start":{"line":26,"column":33},"end":{"line":30,"column":5}}}},"branchMap":{"0":{"loc":{"start":{"line":28,"column":14},"end":{"line":28,"column":83}},"type":"cond-expr","locations":[{"start":{"line":28,"column":14},"end":{"line":28,"column":83}},{"start":{"line":29,"column":14},"end":{"line":null,"column":-1}}]},"1":{"loc":{"start":{"line":27,"column":15},"end":{"line":27,"column":28}},"type":"binary-expr","locations":[{"start":{"line":27,"column":15},"end":{"line":27,"column":28}},{"start":{"line":27,"column":15},"end":{"line":27,"column":28}},{"start":{"line":27,"column":15},"end":{"line":27,"column":28}}]}},"s":{"0":6,"1":15,"2":6,"3":15},"f":{"0":15,"1":15},"b":{"0":[1,14],"1":[15,1,1]}}
,"/Users/yeewai/repos/sandbox/mapEditor/map-editor-react/src/helpers/formValidations.ts": {"path":"/Users/yeewai/repos/sandbox/mapEditor/map-editor-react/src/helpers/formValidations.ts","statementMap":{"0":{"start":{"line":3,"column":13},"end":{"line":3,"column":41}},"1":{"start":{"line":5,"column":13},"end":{"line":5,"column":30}},"2":{"start":{"line":7,"column":6},"end":{"line":7,"column":17}},"3":{"start":{"line":9,"column":13},"end":{"line":9,"column":26}}},"fnMap":{"0":{"name":"(anonymous_0)","decl":{"start":{"line":3,"column":13},"end":{"line":3,"column":39}},"loc":{"start":{"line":3,"column":13},"end":{"line":3,"column":41}}},"1":{"name":"(anonymous_1)","decl":{"start":{"line":5,"column":13},"end":{"line":5,"column":28}},"loc":{"start":{"line":5,"column":13},"end":{"line":5,"column":30}}},"2":{"name":"(anonymous_2)","decl":{"start":{"line":9,"column":13},"end":{"line":9,"column":23}},"loc":{"start":{"line":9,"column":13},"end":{"line":9,"column":26}}}},"branchMap":{"0":{"loc":{"start":{"line":3,"column":13},"end":{"line":3,"column":40}},"type":"cond-expr","locations":[{"start":{"line":3,"column":13},"end":{"line":3,"column":40}},{"start":{"line":3,"column":40},"end":{"line":3,"column":41}}]},"1":{"loc":{"start":{"line":5,"column":29},"end":{"line":5,"column":30}},"type":"cond-expr","locations":[{"start":{"line":5,"column":29},"end":{"line":5,"column":30}},{"start":{"line":5,"column":30},"end":{"line":5,"column":37}}]},"2":{"loc":{"start":{"line":5,"column":13},"end":{"line":5,"column":28}},"type":"binary-expr","locations":[{"start":{"line":5,"column":13},"end":{"line":5,"column":28}},{"start":{"line":5,"column":13},"end":{"line":5,"column":29}}]},"3":{"loc":{"start":{"line":9,"column":26},"end":{"line":9,"column":34}},"type":"cond-expr","locations":[{"start":{"line":9,"column":26},"end":{"line":9,"column":34}},{"start":{"line":9,"column":26},"end":{"line":9,"column":34}}]},"4":{"loc":{"start":{"line":9,"column":13},"end":{"line":9,"column":23}},"type":"binary-expr","locations":[{"start":{"line":9,"column":13},"end":{"line":9,"column":23}},{"start":{"line":9,"column":13},"end":{"line":9,"column":26}}]}},"s":{"0":9,"1":9,"2":7,"3":12},"f":{"0":2,"1":2,"2":5},"b":{"0":[1,1],"1":[1,1],"2":[2,1],"3":[2,3],"4":[5,4]}}
,"/Users/yeewai/repos/sandbox/mapEditor/map-editor-react/src/services/mapEditor/actions.ts": {"path":"/Users/yeewai/repos/sandbox/mapEditor/map-editor-react/src/services/mapEditor/actions.ts","statementMap":{"0":{"start":{"line":10,"column":13},"end":{"line":12,"column":2}},"1":{"start":{"line":14,"column":13},"end":{"line":16,"column":2}},"2":{"start":{"line":18,"column":13},"end":{"line":20,"column":2}},"3":{"start":{"line":22,"column":13},"end":{"line":24,"column":2}},"4":{"start":{"line":26,"column":13},"end":{"line":28,"column":2}},"5":{"start":{"line":30,"column":13},"end":{"line":32,"column":2}},"6":{"start":{"line":34,"column":13},"end":{"line":36,"column":2}},"7":{"start":{"line":38,"column":13},"end":{"line":40,"column":2}},"8":{"start":{"line":60,"column":13},"end":{"line":63,"column":2}}},"fnMap":{"0":{"name":"(anonymous_0)","decl":{"start":{"line":10,"column":13},"end":{"line":10,"column":44}},"loc":{"start":{"line":10,"column":13},"end":{"line":12,"column":2}}},"1":{"name":"(anonymous_1)","decl":{"start":{"line":14,"column":13},"end":{"line":14,"column":45}},"loc":{"start":{"line":14,"column":13},"end":{"line":16,"column":2}}},"2":{"name":"(anonymous_2)","decl":{"start":{"line":18,"column":13},"end":{"line":18,"column":47}},"loc":{"start":{"line":18,"column":13},"end":{"line":20,"column":2}}},"3":{"name":"(anonymous_3)","decl":{"start":{"line":22,"column":13},"end":{"line":22,"column":45}},"loc":{"start":{"line":22,"column":13},"end":{"line":24,"column":2}}},"4":{"name":"(anonymous_4)","decl":{"start":{"line":26,"column":13},"end":{"line":26,"column":46}},"loc":{"start":{"line":26,"column":13},"end":{"line":28,"column":2}}},"5":{"name":"(anonymous_5)","decl":{"start":{"line":30,"column":13},"end":{"line":30,"column":43}},"loc":{"start":{"line":30,"column":13},"end":{"line":32,"column":2}}},"6":{"name":"(anonymous_6)","decl":{"start":{"line":34,"column":13},"end":{"line":34,"column":45}},"loc":{"start":{"line":34,"column":13},"end":{"line":36,"column":2}}},"7":{"name":"(anonymous_7)","decl":{"start":{"line":38,"column":13},"end":{"line":38,"column":46}},"loc":{"start":{"line":38,"column":13},"end":{"line":40,"column":2}}},"8":{"name":"(anonymous_10)","decl":{"start":{"line":60,"column":13},"end":{"line":60,"column":48}},"loc":{"start":{"line":60,"column":13},"end":{"line":63,"column":2}}}},"branchMap":{},"s":{"0":10,"1":10,"2":10,"3":10,"4":10,"5":10,"6":10,"7":10,"8":10},"f":{"0":1,"1":1,"2":1,"3":1,"4":1,"5":1,"6":1,"7":1,"8":1},"b":{}}
,"/Users/yeewai/repos/sandbox/mapEditor/map-editor-react/src/services/mapEditor/reducer.ts": {"path":"/Users/yeewai/repos/sandbox/mapEditor/map-editor-react/src/services/mapEditor/reducer.ts","statementMap":{"0":{"start":{"line":14,"column":13},"end":{"line":14,"column":23}},"1":{"start":{"line":15,"column":13},"end":{"line":15,"column":22}},"2":{"start":{"line":16,"column":13},"end":{"line":16,"column":22}},"3":{"start":{"line":18,"column":25},"end":{"line":77,"column":1}},"4":{"start":{"line":18,"column":26},"end":{"line":18,"column":25}},"5":{"start":{"line":21,"column":12},"end":{"line":21,"column":51}},"6":{"start":{"line":23,"column":12},"end":{"line":23,"column":69}},"7":{"start":{"line":25,"column":12},"end":{"line":25,"column":50}},"8":{"start":{"line":27,"column":12},"end":{"line":27,"column":50}},"9":{"start":{"line":29,"column":12},"end":{"line":29,"column":49}},"10":{"start":{"line":31,"column":12},"end":{"line":31,"column":49}},"11":{"start":{"line":33,"column":12},"end":{"line":33,"column":49}},"12":{"start":{"line":35,"column":12},"end":{"line":35,"column":49}},"13":{"start":{"line":37,"column":12},"end":{"line":37,"column":74}},"14":{"start":{"line":39,"column":18},"end":{"line":39,"column":23}},"15":{"start":{"line":42,"column":12},"end":{"line":42,"column":56}},"16":{"start":{"line":48,"column":12},"end":{"line":48,"column":52}},"17":{"start":{"line":51,"column":20},"end":{"line":51,"column":32}},"18":{"start":{"line":51,"column":20},"end":{"line":51,"column":35}},"19":{"start":{"line":52,"column":12},"end":{"line":52,"column":79}},"20":{"start":{"line":52,"column":64},"end":{"line":52,"column":71}},"21":{"start":{"line":54,"column":18},"end":{"line":58,"column":16}},"22":{"start":{"line":75,"column":12},"end":{"line":75,"column":19}}},"fnMap":{"0":{"name":"(anonymous_1)","decl":{"start":{"line":18,"column":25},"end":{"line":18,"column":25}},"loc":{"start":{"line":18,"column":48},"end":{"line":77,"column":1}}}},"branchMap":{"0":{"loc":{"start":{"line":18,"column":26},"end":{"line":18,"column":25}},"type":"if","locations":[{"start":{"line":18,"column":26},"end":{"line":18,"column":25}},{"start":{"line":18,"column":26},"end":{"line":18,"column":25}}]},"1":{"loc":{"start":{"line":20,"column":8},"end":{"line":21,"column":51}},"type":"switch","locations":[{"start":{"line":20,"column":8},"end":{"line":21,"column":51}},{"start":{"line":22,"column":8},"end":{"line":23,"column":69}},{"start":{"line":24,"column":8},"end":{"line":25,"column":50}},{"start":{"line":26,"column":8},"end":{"line":27,"column":50}},{"start":{"line":28,"column":8},"end":{"line":29,"column":49}},{"start":{"line":30,"column":8},"end":{"line":31,"column":49}},{"start":{"line":32,"column":8},"end":{"line":33,"column":49}},{"start":{"line":34,"column":8},"end":{"line":35,"column":49}},{"start":{"line":36,"column":8},"end":{"line":37,"column":74}},{"start":{"line":38,"column":8},"end":{"line":42,"column":56}},{"start":{"line":47,"column":8},"end":{"line":48,"column":52}},{"start":{"line":74,"column":8},"end":{"line":75,"column":19}}]},"2":{"loc":{"start":{"line":40,"column":18},"end":{"line":40,"column":31}},"type":"cond-expr","locations":[{"start":{"line":40,"column":18},"end":{"line":40,"column":31}},{"start":{"line":41,"column":18},"end":{"line":39,"column":23}}]},"3":{"loc":{"start":{"line":52,"column":12},"end":{"line":52,"column":79}},"type":"if","locations":[{"start":{"line":52,"column":12},"end":{"line":52,"column":79}},{"start":{"line":52,"column":12},"end":{"line":52,"column":79}}]},"4":{"loc":{"start":{"line":52,"column":18},"end":{"line":52,"column":34}},"type":"binary-expr","locations":[{"start":{"line":52,"column":18},"end":{"line":52,"column":34}},{"start":{"line":52,"column":18},"end":{"line":52,"column":34}}]},"5":{"loc":{"start":{"line":68,"column":27},"end":{"line":68,"column":32}},"type":"binary-expr","locations":[{"start":{"line":68,"column":27},"end":{"line":68,"column":32}},{"start":{"line":68,"column":27},"end":{"line":68,"column":32}}]}},"s":{"0":13,"1":13,"2":13,"3":13,"4":18,"5":1,"6":2,"7":1,"8":1,"9":1,"10":1,"11":1,"12":1,"13":1,"14":2,"15":2,"16":1,"17":3,"18":3,"19":3,"20":2,"21":1,"22":1},"f":{"0":17},"b":{"0":[1,16],"1":[1,2,1,1,1,1,1,1,1,2,1,1],"2":[1,1],"3":[2,1],"4":[3,2],"5":[1,1]}}
,"/Users/yeewai/repos/sandbox/mapEditor/map-editor-react/src/services/mapEditor/selectors.ts": {"path":"/Users/yeewai/repos/sandbox/mapEditor/map-editor-react/src/services/mapEditor/selectors.ts","statementMap":{"0":{"start":{"line":10,"column":7},"end":{"line":10,"column":13}},"1":{"start":{"line":10,"column":13},"end":{"line":10,"column":22}},"2":{"start":{"line":11,"column":13},"end":{"line":11,"column":23}},"3":{"start":{"line":13,"column":13},"end":{"line":13,"column":45}},"4":{"start":{"line":14,"column":13},"end":{"line":14,"column":34}},"5":{"start":{"line":21,"column":7},"end":{"line":21,"column":13}},"6":{"start":{"line":24,"column":8},"end":{"line":24,"column":36}},"7":{"start":{"line":24,"column":22},"end":{"line":24,"column":29}},"8":{"start":{"line":25,"column":14},"end":{"line":25,"column":64}},"9":{"start":{"line":25,"column":27},"end":{"line":25,"column":53}},"10":{"start":{"line":25,"column":33},"end":{"line":25,"column":53}},"11":{"start":{"line":30,"column":8},"end":{"line":32,"column":22}},"12":{"start":{"line":37,"column":13},"end":{"line":48,"column":1}},"13":{"start":{"line":39,"column":8},"end":{"line":39,"column":68}},"14":{"start":{"line":39,"column":8},"end":{"line":39,"column":63}},"15":{"start":{"line":39,"column":44},"end":{"line":39,"column":56}},"16":{"start":{"line":41,"column":4},"end":{"line":45,"column":5}},"17":{"start":{"line":42,"column":8},"end":{"line":44,"column":9}},"18":{"start":{"line":43,"column":12},"end":{"line":43,"column":46}},"19":{"start":{"line":47,"column":4},"end":{"line":47,"column":11}},"20":{"start":{"line":50,"column":13},"end":{"line":56,"column":1}},"21":{"start":{"line":51,"column":4},"end":{"line":52,"column":8}},"22":{"start":{"line":53,"column":51},"end":{"line":53,"column":55}},"23":{"start":{"line":58,"column":7},"end":{"line":58,"column":13}},"24":{"start":{"line":61,"column":8},"end":{"line":61,"column":36}},"25":{"start":{"line":61,"column":22},"end":{"line":61,"column":29}},"26":{"start":{"line":63,"column":8},"end":{"line":66,"column":57}}},"fnMap":{"0":{"name":"(anonymous_1)","decl":{"start":{"line":10,"column":7},"end":{"line":10,"column":12}},"loc":{"start":{"line":10,"column":13},"end":{"line":10,"column":22}}},"1":{"name":"(anonymous_2)","decl":{"start":{"line":11,"column":13},"end":{"line":11,"column":21}},"loc":{"start":{"line":11,"column":13},"end":{"line":11,"column":23}}},"2":{"name":"(anonymous_3)","decl":{"start":{"line":13,"column":13},"end":{"line":13,"column":42}},"loc":{"start":{"line":13,"column":13},"end":{"line":13,"column":45}}},"3":{"name":"(anonymous_4)","decl":{"start":{"line":14,"column":13},"end":{"line":14,"column":31}},"loc":{"start":{"line":14,"column":13},"end":{"line":14,"column":34}}},"4":{"name":"(anonymous_6)","decl":{"start":{"line":21,"column":7},"end":{"line":22,"column":3}},"loc":{"start":{"line":21,"column":7},"end":{"line":21,"column":44}}},"5":{"name":"(anonymous_7)","decl":{"start":{"line":25,"column":14},"end":{"line":25,"column":26}},"loc":{"start":{"line":25,"column":27},"end":{"line":25,"column":64}}},"6":{"name":"(anonymous_8)","decl":{"start":{"line":25,"column":33},"end":{"line":25,"column":46}},"loc":{"start":{"line":25,"column":33},"end":{"line":25,"column":53}}},"7":{"name":"(anonymous_9)","decl":{"start":{"line":37,"column":13},"end":{"line":37,"column":32}},"loc":{"start":{"line":37,"column":13},"end":{"line":48,"column":1}}},"8":{"name":"(anonymous_10)","decl":{"start":{"line":39,"column":8},"end":{"line":39,"column":41}},"loc":{"start":{"line":39,"column":8},"end":{"line":39,"column":68}}},"9":{"name":"(anonymous_11)","decl":{"start":{"line":39,"column":42},"end":{"line":39,"column":43}},"loc":{"start":{"line":39,"column":44},"end":{"line":39,"column":56}}},"10":{"name":"(anonymous_12)","decl":{"start":{"line":42,"column":34},"end":{"line":42,"column":33}},"loc":{"start":{"line":42,"column":34},"end":{"line":44,"column":9}}},"11":{"name":"(anonymous_13)","decl":{"start":{"line":50,"column":13},"end":{"line":50,"column":41}},"loc":{"start":{"line":50,"column":13},"end":{"line":56,"column":1}}},"12":{"name":"(anonymous_14)","decl":{"start":{"line":53,"column":51},"end":{"line":53,"column":50}},"loc":{"start":{"line":53,"column":51},"end":{"line":53,"column":55}}},"13":{"name":"(anonymous_15)","decl":{"start":{"line":58,"column":7},"end":{"line":59,"column":3}},"loc":{"start":{"line":58,"column":7},"end":{"line":58,"column":39}}}},"branchMap":{"0":{"loc":{"start":{"line":24,"column":8},"end":{"line":24,"column":36}},"type":"if","locations":[{"start":{"line":24,"column":8},"end":{"line":24,"column":36}},{"start":{"line":24,"column":8},"end":{"line":24,"column":36}}]},"1":{"loc":{"start":{"line":25,"column":14},"end":{"line":25,"column":26}},"type":"binary-expr","locations":[{"start":{"line":25,"column":14},"end":{"line":25,"column":26}},{"start":{"line":25,"column":14},"end":{"line":25,"column":64}}]},"2":{"loc":{"start":{"line":41,"column":4},"end":{"line":45,"column":5}},"type":"if","locations":[{"start":{"line":41,"column":4},"end":{"line":45,"column":5}},{"start":{"line":41,"column":4},"end":{"line":45,"column":5}}]},"3":{"loc":{"start":{"line":53,"column":16},"end":{"line":53,"column":51}},"type":"cond-expr","locations":[{"start":{"line":53,"column":16},"end":{"line":53,"column":51}},{"start":{"line":52,"column":8},"end":{"line":null,"column":-1}}]},"4":{"loc":{"start":{"line":61,"column":8},"end":{"line":61,"column":36}},"type":"if","locations":[{"start":{"line":61,"column":8},"end":{"line":61,"column":36}},{"start":{"line":61,"column":8},"end":{"line":61,"column":36}}]}},"s":{"0":9,"1":1,"2":10,"3":10,"4":10,"5":9,"6":3,"7":1,"8":2,"9":1,"10":1,"11":2,"12":9,"13":3,"14":9,"15":27,"16":3,"17":2,"18":2,"19":3,"20":9,"21":3,"22":2,"23":9,"24":2,"25":1,"26":1},"f":{"0":1,"1":1,"2":1,"3":1,"4":3,"5":1,"6":1,"7":3,"8":9,"9":27,"10":2,"11":3,"12":2,"13":2},"b":{"0":[1,2],"1":[2,2],"2":[2,1],"3":[2,1],"4":[1,1]}}
,"/Users/yeewai/repos/sandbox/mapEditor/map-editor-react/src/services/structureDefinitions/actions.ts": {"path":"/Users/yeewai/repos/sandbox/mapEditor/map-editor-react/src/services/structureDefinitions/actions.ts","statementMap":{"0":{"start":{"line":12,"column":13},"end":{"line":12,"column":7}},"1":{"start":{"line":16,"column":13},"end":{"line":19,"column":2}},"2":{"start":{"line":21,"column":13},"end":{"line":31,"column":1}},"3":{"start":{"line":22,"column":4},"end":{"line":30,"column":5}},"4":{"start":{"line":23,"column":8},"end":{"line":23,"column":17}},"5":{"start":{"line":24,"column":8},"end":{"line":24,"column":15}},"6":{"start":{"line":25,"column":12},"end":{"line":25,"column":19}},"7":{"start":{"line":27,"column":17},"end":{"line":27,"column":54}},"8":{"start":{"line":36,"column":13},"end":{"line":36,"column":7}},"9":{"start":{"line":40,"column":13},"end":{"line":43,"column":2}},"10":{"start":{"line":45,"column":13},"end":{"line":48,"column":2}},"11":{"start":{"line":45,"column":47},"end":{"line":48,"column":2}},"12":{"start":{"line":52,"column":4},"end":{"line":63,"column":5}},"13":{"start":{"line":53,"column":8},"end":{"line":53,"column":17}},"14":{"start":{"line":54,"column":8},"end":{"line":61,"column":14}},"15":{"start":{"line":56,"column":16},"end":{"line":56,"column":53}},"16":{"start":{"line":57,"column":16},"end":{"line":57,"column":30}},"17":{"start":{"line":57,"column":30},"end":{"line":57,"column":36}},"18":{"start":{"line":60,"column":17},"end":{"line":60,"column":54}},"19":{"start":{"line":66,"column":54},"end":{"line":68,"column":2}},"20":{"start":{"line":70,"column":13},"end":{"line":82,"column":1}},"21":{"start":{"line":71,"column":4},"end":{"line":81,"column":5}},"22":{"start":{"line":73,"column":8},"end":{"line":73,"column":17}},"23":{"start":{"line":74,"column":8},"end":{"line":79,"column":32}},"24":{"start":{"line":76,"column":16},"end":{"line":76,"column":25}},"25":{"start":{"line":77,"column":16},"end":{"line":77,"column":25}},"26":{"start":{"line":79,"column":32},"end":{"line":79,"column":47}},"27":{"start":{"line":84,"column":57},"end":{"line":86,"column":2}},"28":{"start":{"line":88,"column":13},"end":{"line":100,"column":1}},"29":{"start":{"line":89,"column":4},"end":{"line":99,"column":5}},"30":{"start":{"line":91,"column":8},"end":{"line":91,"column":17}},"31":{"start":{"line":92,"column":8},"end":{"line":97,"column":32}},"32":{"start":{"line":94,"column":16},"end":{"line":94,"column":25}},"33":{"start":{"line":95,"column":16},"end":{"line":95,"column":25}},"34":{"start":{"line":97,"column":32},"end":{"line":97,"column":47}}},"fnMap":{"0":{"name":"(anonymous_0)","decl":{"start":{"line":12,"column":13},"end":{"line":12,"column":56}},"loc":{"start":{"line":12,"column":13},"end":{"line":12,"column":7}}},"1":{"name":"(anonymous_1)","decl":{"start":{"line":16,"column":13},"end":{"line":16,"column":56}},"loc":{"start":{"line":16,"column":13},"end":{"line":19,"column":2}}},"2":{"name":"(anonymous_2)","decl":{"start":{"line":21,"column":13},"end":{"line":21,"column":81}},"loc":{"start":{"line":21,"column":13},"end":{"line":31,"column":1}}},"3":{"name":"(anonymous_3)","decl":{"start":{"line":22,"column":11},"end":{"line":22,"column":11}},"loc":{"start":{"line":22,"column":12},"end":{"line":30,"column":5}}},"4":{"name":"(anonymous_4)","decl":{"start":{"line":25,"column":12},"end":{"line":25,"column":11}},"loc":{"start":{"line":25,"column":12},"end":{"line":25,"column":19}}},"5":{"name":"(anonymous_5)","decl":{"start":{"line":25,"column":12},"end":{"line":25,"column":19}},"loc":{"start":{"line":25,"column":29},"end":{"line":24,"column":15}}},"6":{"name":"(anonymous_7)","decl":{"start":{"line":40,"column":13},"end":{"line":40,"column":65}},"loc":{"start":{"line":40,"column":13},"end":{"line":43,"column":2}}},"7":{"name":"(anonymous_8)","decl":{"start":{"line":45,"column":13},"end":{"line":45,"column":46}},"loc":{"start":{"line":45,"column":47},"end":{"line":48,"column":2}}},"8":{"name":"(anonymous_10)","decl":{"start":{"line":52,"column":11},"end":{"line":52,"column":11}},"loc":{"start":{"line":52,"column":12},"end":{"line":63,"column":5}}},"9":{"name":"(anonymous_11)","decl":{"start":{"line":55,"column":12},"end":{"line":55,"column":11}},"loc":{"start":{"line":55,"column":12},"end":{"line":54,"column":15}}},"10":{"name":"(anonymous_12)","decl":{"start":{"line":57,"column":30},"end":{"line":57,"column":29}},"loc":{"start":{"line":57,"column":30},"end":{"line":57,"column":36}}},"11":{"name":"(anonymous_13)","decl":{"start":{"line":59,"column":12},"end":{"line":59,"column":12}},"loc":{"start":{"line":59,"column":32},"end":{"line":61,"column":14}}},"12":{"name":"(anonymous_14)","decl":{"start":{"line":66,"column":54},"end":{"line":null,"column":-1}},"loc":{"start":{"line":66,"column":54},"end":{"line":68,"column":2}}},"13":{"name":"(anonymous_15)","decl":{"start":{"line":70,"column":13},"end":{"line":70,"column":90}},"loc":{"start":{"line":70,"column":13},"end":{"line":82,"column":1}}},"14":{"name":"(anonymous_16)","decl":{"start":{"line":71,"column":11},"end":{"line":71,"column":11}},"loc":{"start":{"line":71,"column":43},"end":{"line":81,"column":5}}},"15":{"name":"(anonymous_17)","decl":{"start":{"line":75,"column":12},"end":{"line":75,"column":11}},"loc":{"start":{"line":75,"column":12},"end":{"line":74,"column":15}}},"16":{"name":"(anonymous_18)","decl":{"start":{"line":79,"column":12},"end":{"line":79,"column":12}},"loc":{"start":{"line":79,"column":32},"end":{"line":79,"column":47}}},"17":{"name":"(anonymous_19)","decl":{"start":{"line":84,"column":57},"end":{"line":null,"column":-1}},"loc":{"start":{"line":84,"column":57},"end":{"line":86,"column":2}}},"18":{"name":"(anonymous_20)","decl":{"start":{"line":88,"column":13},"end":{"line":88,"column":87}},"loc":{"start":{"line":88,"column":13},"end":{"line":100,"column":1}}},"19":{"name":"(anonymous_21)","decl":{"start":{"line":89,"column":11},"end":{"line":89,"column":11}},"loc":{"start":{"line":89,"column":43},"end":{"line":99,"column":5}}},"20":{"name":"(anonymous_22)","decl":{"start":{"line":93,"column":12},"end":{"line":93,"column":11}},"loc":{"start":{"line":93,"column":12},"end":{"line":92,"column":15}}},"21":{"name":"(anonymous_23)","decl":{"start":{"line":97,"column":12},"end":{"line":97,"column":12}},"loc":{"start":{"line":97,"column":32},"end":{"line":97,"column":47}}}},"branchMap":{},"s":{"0":34,"1":33,"2":23,"3":11,"4":11,"5":11,"6":10,"7":1,"8":10,"9":26,"10":23,"11":4,"12":10,"13":10,"14":10,"15":3,"16":3,"17":9,"18":1,"19":25,"20":23,"21":2,"22":2,"23":2,"24":1,"25":1,"26":1,"27":25,"28":23,"29":2,"30":2,"31":2,"32":1,"33":1,"34":1},"f":{"0":11,"1":10,"2":11,"3":11,"4":10,"5":1,"6":3,"7":4,"8":10,"9":3,"10":9,"11":1,"12":2,"13":2,"14":2,"15":1,"16":1,"17":2,"18":2,"19":2,"20":1,"21":1},"b":{}}
,"/Users/yeewai/repos/sandbox/mapEditor/map-editor-react/src/services/structureDefinitions/reducer.ts": {"path":"/Users/yeewai/repos/sandbox/mapEditor/map-editor-react/src/services/structureDefinitions/reducer.ts","statementMap":{"0":{"start":{"line":12,"column":35},"end":{"line":55,"column":1}},"1":{"start":{"line":12,"column":36},"end":{"line":12,"column":35}},"2":{"start":{"line":15,"column":12},"end":{"line":15,"column":87}},"3":{"start":{"line":17,"column":12},"end":{"line":22,"column":47}},"4":{"start":{"line":25,"column":12},"end":{"line":25,"column":38}},"5":{"start":{"line":27,"column":12},"end":{"line":27,"column":56}},"6":{"start":{"line":29,"column":18},"end":{"line":29,"column":55}},"7":{"start":{"line":29,"column":18},"end":{"line":29,"column":56}},"8":{"start":{"line":31,"column":18},"end":{"line":31,"column":23}},"9":{"start":{"line":32,"column":18},"end":{"line":32,"column":23}},"10":{"start":{"line":35,"column":18},"end":{"line":37,"column":16}},"11":{"start":{"line":53,"column":12},"end":{"line":53,"column":19}}},"fnMap":{"0":{"name":"(anonymous_1)","decl":{"start":{"line":12,"column":35},"end":{"line":12,"column":35}},"loc":{"start":{"line":12,"column":58},"end":{"line":55,"column":1}}}},"branchMap":{"0":{"loc":{"start":{"line":12,"column":36},"end":{"line":12,"column":35}},"type":"if","locations":[{"start":{"line":12,"column":36},"end":{"line":12,"column":35}},{"start":{"line":12,"column":36},"end":{"line":12,"column":35}}]},"1":{"loc":{"start":{"line":14,"column":8},"end":{"line":15,"column":87}},"type":"switch","locations":[{"start":{"line":14,"column":8},"end":{"line":15,"column":87}},{"start":{"line":16,"column":8},"end":{"line":22,"column":47}},{"start":{"line":24,"column":8},"end":{"line":25,"column":38}},{"start":{"line":26,"column":8},"end":{"line":27,"column":56}},{"start":{"line":52,"column":8},"end":{"line":53,"column":19}}]},"2":{"loc":{"start":{"line":32,"column":18},"end":{"line":32,"column":23}},"type":"cond-expr","locations":[{"start":{"line":32,"column":18},"end":{"line":32,"column":23}},{"start":{"line":32,"column":18},"end":{"line":32,"column":23}}]}},"s":{"0":22,"1":9,"2":1,"3":1,"4":1,"5":1,"6":2,"7":1,"8":1,"9":1,"10":1,"11":1},"f":{"0":6},"b":{"0":[3,3],"1":[1,1,1,1,1],"2":[1,0]}}
,"/Users/yeewai/repos/sandbox/mapEditor/map-editor-react/src/services/structureDefinitions/selectors.tsx": {"path":"/Users/yeewai/repos/sandbox/mapEditor/map-editor-react/src/services/structureDefinitions/selectors.tsx","statementMap":{"0":{"start":{"line":7,"column":13},"end":{"line":7,"column":21}},"1":{"start":{"line":8,"column":13},"end":{"line":8,"column":25}},"2":{"start":{"line":9,"column":13},"end":{"line":9,"column":27}},"3":{"start":{"line":10,"column":13},"end":{"line":10,"column":52}},"4":{"start":{"line":12,"column":13},"end":{"line":12,"column":26}},"5":{"start":{"line":17,"column":13},"end":{"line":19,"column":4}},"6":{"start":{"line":17,"column":24},"end":{"line":18,"column":4}}},"fnMap":{"0":{"name":"(anonymous_0)","decl":{"start":{"line":7,"column":13},"end":{"line":7,"column":18}},"loc":{"start":{"line":7,"column":13},"end":{"line":7,"column":21}}},"1":{"name":"(anonymous_1)","decl":{"start":{"line":8,"column":13},"end":{"line":8,"column":23}},"loc":{"start":{"line":8,"column":13},"end":{"line":8,"column":25}}},"2":{"name":"(anonymous_2)","decl":{"start":{"line":9,"column":13},"end":{"line":9,"column":25}},"loc":{"start":{"line":9,"column":13},"end":{"line":9,"column":27}}},"3":{"name":"(anonymous_3)","decl":{"start":{"line":10,"column":13},"end":{"line":10,"column":28}},"loc":{"start":{"line":10,"column":13},"end":{"line":10,"column":52}}},"4":{"name":"(anonymous_4)","decl":{"start":{"line":12,"column":13},"end":{"line":12,"column":25}},"loc":{"start":{"line":12,"column":13},"end":{"line":12,"column":26}}},"5":{"name":"(anonymous_5)","decl":{"start":{"line":17,"column":13},"end":{"line":17,"column":23}},"loc":{"start":{"line":17,"column":13},"end":{"line":19,"column":4}}},"6":{"name":"(anonymous_6)","decl":{"start":{"line":17,"column":24},"end":{"line":18,"column":3}},"loc":{"start":{"line":17,"column":24},"end":{"line":18,"column":4}}}},"branchMap":{"0":{"loc":{"start":{"line":10,"column":13},"end":{"line":10,"column":30}},"type":"binary-expr","locations":[{"start":{"line":10,"column":13},"end":{"line":10,"column":30}},{"start":{"line":10,"column":30},"end":{"line":10,"column":52}}]}},"s":{"0":27,"1":25,"2":25,"3":26,"4":24,"5":25,"6":12},"f":{"0":5,"1":3,"2":3,"3":4,"4":2,"5":3,"6":12},"b":{"0":[4,2]}}
,"/Users/yeewai/repos/sandbox/mapEditor/map-editor-react/src/services/worlds/actions.ts": {"path":"/Users/yeewai/repos/sandbox/mapEditor/map-editor-react/src/services/worlds/actions.ts","statementMap":{"0":{"start":{"line":11,"column":13},"end":{"line":13,"column":2}},"1":{"start":{"line":15,"column":13},"end":{"line":18,"column":2}},"2":{"start":{"line":20,"column":13},"end":{"line":23,"column":2}},"3":{"start":{"line":20,"column":47},"end":{"line":23,"column":2}},"4":{"start":{"line":27,"column":4},"end":{"line":35,"column":5}},"5":{"start":{"line":28,"column":8},"end":{"line":28,"column":17}},"6":{"start":{"line":29,"column":8},"end":{"line":29,"column":15}},"7":{"start":{"line":30,"column":12},"end":{"line":30,"column":19}},"8":{"start":{"line":32,"column":17},"end":{"line":32,"column":54}},"9":{"start":{"line":38,"column":40},"end":{"line":40,"column":2}},"10":{"start":{"line":42,"column":13},"end":{"line":48,"column":1}},"11":{"start":{"line":43,"column":4},"end":{"line":47,"column":5}},"12":{"start":{"line":45,"column":8},"end":{"line":45,"column":17}},"13":{"start":{"line":46,"column":8},"end":{"line":46,"column":37}},"14":{"start":{"line":50,"column":43},"end":{"line":52,"column":2}},"15":{"start":{"line":54,"column":13},"end":{"line":61,"column":1}},"16":{"start":{"line":55,"column":4},"end":{"line":60,"column":5}},"17":{"start":{"line":57,"column":8},"end":{"line":57,"column":17}},"18":{"start":{"line":59,"column":8},"end":{"line":59,"column":37}},"19":{"start":{"line":67,"column":4},"end":{"line":76,"column":5}},"20":{"start":{"line":69,"column":8},"end":{"line":74,"column":32}},"21":{"start":{"line":71,"column":16},"end":{"line":71,"column":25}},"22":{"start":{"line":72,"column":16},"end":{"line":72,"column":25}},"23":{"start":{"line":74,"column":32},"end":{"line":74,"column":47}}},"fnMap":{"0":{"name":"(anonymous_0)","decl":{"start":{"line":11,"column":13},"end":{"line":11,"column":51}},"loc":{"start":{"line":11,"column":13},"end":{"line":13,"column":2}}},"1":{"name":"(anonymous_1)","decl":{"start":{"line":15,"column":13},"end":{"line":15,"column":51}},"loc":{"start":{"line":15,"column":13},"end":{"line":18,"column":2}}},"2":{"name":"(anonymous_2)","decl":{"start":{"line":20,"column":13},"end":{"line":20,"column":46}},"loc":{"start":{"line":20,"column":47},"end":{"line":23,"column":2}}},"3":{"name":"(anonymous_4)","decl":{"start":{"line":27,"column":11},"end":{"line":27,"column":11}},"loc":{"start":{"line":27,"column":12},"end":{"line":35,"column":5}}},"4":{"name":"(anonymous_5)","decl":{"start":{"line":30,"column":12},"end":{"line":30,"column":11}},"loc":{"start":{"line":30,"column":12},"end":{"line":30,"column":19}}},"5":{"name":"(anonymous_6)","decl":{"start":{"line":30,"column":12},"end":{"line":30,"column":19}},"loc":{"start":{"line":30,"column":20},"end":{"line":29,"column":15}}},"6":{"name":"(anonymous_7)","decl":{"start":{"line":38,"column":40},"end":{"line":null,"column":-1}},"loc":{"start":{"line":38,"column":40},"end":{"line":40,"column":2}}},"7":{"name":"(anonymous_8)","decl":{"start":{"line":42,"column":13},"end":{"line":42,"column":76}},"loc":{"start":{"line":42,"column":13},"end":{"line":48,"column":1}}},"8":{"name":"(anonymous_9)","decl":{"start":{"line":43,"column":11},"end":{"line":43,"column":11}},"loc":{"start":{"line":43,"column":43},"end":{"line":47,"column":5}}},"9":{"name":"(anonymous_10)","decl":{"start":{"line":50,"column":43},"end":{"line":null,"column":-1}},"loc":{"start":{"line":50,"column":43},"end":{"line":52,"column":2}}},"10":{"name":"(anonymous_11)","decl":{"start":{"line":54,"column":13},"end":{"line":54,"column":73}},"loc":{"start":{"line":54,"column":13},"end":{"line":61,"column":1}}},"11":{"name":"(anonymous_12)","decl":{"start":{"line":55,"column":11},"end":{"line":55,"column":11}},"loc":{"start":{"line":55,"column":43},"end":{"line":60,"column":5}}},"12":{"name":"(anonymous_14)","decl":{"start":{"line":67,"column":11},"end":{"line":67,"column":11}},"loc":{"start":{"line":67,"column":43},"end":{"line":76,"column":5}}},"13":{"name":"(anonymous_15)","decl":{"start":{"line":70,"column":12},"end":{"line":70,"column":11}},"loc":{"start":{"line":70,"column":12},"end":{"line":69,"column":15}}},"14":{"name":"(anonymous_16)","decl":{"start":{"line":74,"column":12},"end":{"line":74,"column":12}},"loc":{"start":{"line":74,"column":32},"end":{"line":74,"column":47}}}},"branchMap":{},"s":{"0":24,"1":20,"2":17,"3":2,"4":7,"5":7,"6":7,"7":3,"8":1,"9":18,"10":17,"11":1,"12":1,"13":1,"14":19,"15":17,"16":2,"17":2,"18":2,"19":3,"20":3,"21":2,"22":2,"23":1},"f":{"0":7,"1":3,"2":2,"3":7,"4":3,"5":1,"6":1,"7":1,"8":1,"9":2,"10":2,"11":2,"12":3,"13":2,"14":1},"b":{}}
,"/Users/yeewai/repos/sandbox/mapEditor/map-editor-react/src/services/worlds/reducer.ts": {"path":"/Users/yeewai/repos/sandbox/mapEditor/map-editor-react/src/services/worlds/reducer.ts","statementMap":{"0":{"start":{"line":11,"column":21},"end":{"line":28,"column":1}},"1":{"start":{"line":11,"column":22},"end":{"line":11,"column":21}},"2":{"start":{"line":14,"column":12},"end":{"line":14,"column":56}},"3":{"start":{"line":16,"column":12},"end":{"line":21,"column":30}},"4":{"start":{"line":24,"column":12},"end":{"line":24,"column":38}},"5":{"start":{"line":26,"column":12},"end":{"line":26,"column":19}}},"fnMap":{"0":{"name":"(anonymous_1)","decl":{"start":{"line":11,"column":21},"end":{"line":11,"column":21}},"loc":{"start":{"line":11,"column":44},"end":{"line":28,"column":1}}}},"branchMap":{"0":{"loc":{"start":{"line":11,"column":22},"end":{"line":11,"column":21}},"type":"if","locations":[{"start":{"line":11,"column":22},"end":{"line":11,"column":21}},{"start":{"line":11,"column":22},"end":{"line":11,"column":21}}]},"1":{"loc":{"start":{"line":13,"column":8},"end":{"line":14,"column":56}},"type":"switch","locations":[{"start":{"line":13,"column":8},"end":{"line":14,"column":56}},{"start":{"line":15,"column":8},"end":{"line":21,"column":30}},{"start":{"line":23,"column":8},"end":{"line":24,"column":38}},{"start":{"line":25,"column":8},"end":{"line":26,"column":19}}]}},"s":{"0":16,"1":7,"2":1,"3":1,"4":1,"5":1},"f":{"0":4},"b":{"0":[3,1],"1":[1,1,1,1]}}
,"/Users/yeewai/repos/sandbox/mapEditor/map-editor-react/src/services/worlds/selectors.tsx": {"path":"/Users/yeewai/repos/sandbox/mapEditor/map-editor-react/src/services/worlds/selectors.tsx","statementMap":{"0":{"start":{"line":7,"column":13},"end":{"line":7,"column":21}},"1":{"start":{"line":8,"column":13},"end":{"line":8,"column":24}},"2":{"start":{"line":9,"column":13},"end":{"line":9,"column":27}},"3":{"start":{"line":10,"column":13},"end":{"line":10,"column":29}},"4":{"start":{"line":11,"column":13},"end":{"line":11,"column":80}},"5":{"start":{"line":11,"column":13},"end":{"line":11,"column":72}},"6":{"start":{"line":11,"column":44},"end":{"line":11,"column":60}},"7":{"start":{"line":11,"column":44},"end":{"line":11,"column":65}},"8":{"start":{"line":13,"column":13},"end":{"line":13,"column":31}},"9":{"start":{"line":18,"column":18},"end":{"line":18,"column":34}},"10":{"start":{"line":19,"column":12},"end":{"line":19,"column":50}},"11":{"start":{"line":19,"column":19},"end":{"line":19,"column":36}}},"fnMap":{"0":{"name":"(anonymous_0)","decl":{"start":{"line":7,"column":13},"end":{"line":7,"column":18}},"loc":{"start":{"line":7,"column":13},"end":{"line":7,"column":21}}},"1":{"name":"(anonymous_1)","decl":{"start":{"line":8,"column":13},"end":{"line":8,"column":23}},"loc":{"start":{"line":8,"column":13},"end":{"line":8,"column":24}}},"2":{"name":"(anonymous_2)","decl":{"start":{"line":9,"column":13},"end":{"line":9,"column":25}},"loc":{"start":{"line":9,"column":13},"end":{"line":9,"column":27}}},"3":{"name":"(anonymous_3)","decl":{"start":{"line":10,"column":13},"end":{"line":10,"column":28}},"loc":{"start":{"line":10,"column":13},"end":{"line":10,"column":29}}},"4":{"name":"(anonymous_4)","decl":{"start":{"line":11,"column":13},"end":{"line":11,"column":23}},"loc":{"start":{"line":11,"column":13},"end":{"line":11,"column":80}}},"5":{"name":"(anonymous_5)","decl":{"start":{"line":11,"column":26},"end":{"line":11,"column":43}},"loc":{"start":{"line":11,"column":44},"end":{"line":11,"column":60}}},"6":{"name":"(anonymous_6)","decl":{"start":{"line":11,"column":44},"end":{"line":11,"column":60}},"loc":{"start":{"line":11,"column":44},"end":{"line":11,"column":72}}},"7":{"name":"(anonymous_7)","decl":{"start":{"line":13,"column":13},"end":{"line":14,"column":3}},"loc":{"start":{"line":13,"column":13},"end":{"line":13,"column":31}}},"8":{"name":"(anonymous_8)","decl":{"start":{"line":17,"column":24},"end":{"line":17,"column":24}},"loc":{"start":{"line":17,"column":39},"end":{"line":20,"column":9}}},"9":{"name":"(anonymous_9)","decl":{"start":{"line":18,"column":18},"end":{"line":18,"column":33}},"loc":{"start":{"line":18,"column":18},"end":{"line":18,"column":34}}},"10":{"name":"(anonymous_10)","decl":{"start":{"line":19,"column":19},"end":{"line":19,"column":35}},"loc":{"start":{"line":19,"column":19},"end":{"line":19,"column":36}}}},"branchMap":{"0":{"loc":{"start":{"line":17,"column":10},"end":{"line":20,"column":11}},"type":"cond-expr","locations":[{"start":{"line":17,"column":10},"end":{"line":20,"column":11}},{"start":{"line":16,"column":8},"end":{"line":22,"column":5}}]},"1":{"loc":{"start":{"line":19,"column":19},"end":{"line":19,"column":35}},"type":"cond-expr","locations":[{"start":{"line":19,"column":19},"end":{"line":19,"column":35}},{"start":{"line":19,"column":19},"end":{"line":19,"column":50}}]},"2":{"loc":{"start":{"line":19,"column":19},"end":{"line":19,"column":35}},"type":"binary-expr","locations":[{"start":{"line":19,"column":19},"end":{"line":19,"column":35}},{"start":{"line":19,"column":19},"end":{"line":19,"column":35}}]}},"s":{"0":20,"1":19,"2":19,"3":19,"4":16,"5":2,"6":2,"7":1,"8":21,"9":17,"10":9,"11":15},"f":{"0":4,"1":3,"2":3,"3":3,"4":2,"5":2,"6":1,"7":5,"8":9,"9":8,"10":15},"b":{"0":[4,1],"1":[1,8],"2":[9,4]}}
,"/Users/yeewai/repos/sandbox/mapEditor/map-editor-react/src/services/worlds/types.tsx": {"path":"/Users/yeewai/repos/sandbox/mapEditor/map-editor-react/src/services/worlds/types.tsx","statementMap":{"0":{"start":{"line":51,"column":13},"end":{"line":56,"column":24}}},"fnMap":{},"branchMap":{},"s":{"0":16},"f":{},"b":{}}
}
