TN:
SF:/Users/yeewai/repos/sandbox/mapEditor/map-editor-react/src/api.tsx
FN:26,(anonymous_2)
FN:36,(anonymous_3)
FN:46,(anonymous_4)
FN:59,(anonymous_6)
FNF:4
FNH:4
FNDA:2,(anonymous_2)
FNDA:2,(anonymous_3)
FNDA:11,(anonymous_4)
FNDA:3,(anonymous_6)
DA:6,24
DA:22,10
DA:23,10
DA:26,24
DA:27,2
DA:33,2
DA:36,24
DA:37,2
DA:43,2
DA:46,24
DA:47,11
DA:48,11
DA:55,7
DA:56,7
DA:59,24
DA:60,3
DA:66,3
LF:17
LH:17
BRF:0
BRH:0
end_of_record
TN:
SF:/Users/yeewai/repos/sandbox/mapEditor/map-editor-react/src/conf.ts
FNF:0
FNH:0
DA:3,8
DA:4,8
DA:5,8
LF:3
LH:3
BRF:0
BRH:0
end_of_record
TN:
SF:/Users/yeewai/repos/sandbox/mapEditor/map-editor-react/src/components/App.tsx
FN:12,(anonymous_5)
FN:13,(anonymous_7)
FNF:2
FNH:2
FNDA:2,(anonymous_5)
FNDA:1,(anonymous_7)
DA:12,1
DA:13,1
DA:21,1
DA:33,1
LF:4
LH:4
BRF:0
BRH:0
end_of_record
TN:
SF:/Users/yeewai/repos/sandbox/mapEditor/map-editor-react/src/components/StructuresView/AddStructureDefinitionModal.tsx
FN:11,(anonymous_0)
FN:12,(anonymous_1)
FN:19,(anonymous_2)
FNF:3
FNH:3
FNDA:1,(anonymous_0)
FNDA:1,(anonymous_1)
FNDA:1,(anonymous_2)
DA:11,3
DA:12,1
DA:19,2
DA:20,1
LF:4
LH:4
BRF:0
BRH:0
end_of_record
TN:
SF:/Users/yeewai/repos/sandbox/mapEditor/map-editor-react/src/components/StructuresView/EditStructureDefinitionModal.tsx
FN:11,(anonymous_0)
FN:12,(anonymous_1)
FN:20,(anonymous_2)
FNF:3
FNH:3
FNDA:1,(anonymous_0)
FNDA:1,(anonymous_1)
FNDA:1,(anonymous_2)
DA:11,3
DA:12,1
DA:20,2
DA:21,1
LF:4
LH:4
BRF:0
BRH:0
end_of_record
TN:
SF:/Users/yeewai/repos/sandbox/mapEditor/map-editor-react/src/components/StructuresView/StructureCard.tsx
FN:12,(anonymous_0)
FNF:1
FNH:1
FNDA:1,(anonymous_0)
DA:12,3
DA:13,1
LF:2
LH:2
BRF:0
BRH:0
end_of_record
TN:
SF:/Users/yeewai/repos/sandbox/mapEditor/map-editor-react/src/components/StructuresView/StructureDefinitionForm.tsx
FN:24,(anonymous_1)
FN:26,(anonymous_3)
FN:42,(anonymous_4)
FN:73,(anonymous_5)
FN:87,(anonymous_6)
FNF:5
FNH:5
FNDA:4,(anonymous_1)
FNDA:2,(anonymous_3)
FNDA:2,(anonymous_4)
FNDA:10,(anonymous_5)
FNDA:3,(anonymous_6)
DA:24,7
DA:25,1
DA:26,3
DA:28,1
DA:42,4
DA:47,2
DA:49,2
DA:69,2
DA:73,10
DA:87,4
DA:88,3
DA:89,3
DA:90,3
DA:91,3
DA:93,3
DA:94,3
DA:95,3
DA:108,4
LF:18
LH:18
BRDA:78,0,0,1
BRDA:78,0,1,1
BRDA:89,1,0,3
BRDA:89,1,1,3
BRDA:89,1,2,3
BRDA:90,2,0,3
BRDA:90,2,1,3
BRDA:91,3,0,3
BRDA:91,3,1,3
BRDA:91,3,2,3
BRDA:93,4,0,3
BRDA:93,4,1,3
BRDA:93,4,2,2
BRDA:93,4,3,1
BRDA:95,5,0,1
BRDA:95,5,1,2
BRF:16
BRH:16
end_of_record
TN:
SF:/Users/yeewai/repos/sandbox/mapEditor/map-editor-react/src/components/StructuresView/StructuresList.tsx
FN:17,(anonymous_0)
FN:25,(anonymous_1)
FN:33,(anonymous_2)
FN:37,(anonymous_3)
FNF:4
FNH:4
FNDA:2,(anonymous_0)
FNDA:2,(anonymous_1)
FNDA:2,(anonymous_2)
FNDA:3,(anonymous_3)
DA:17,7
DA:25,5
DA:26,2
DA:33,2
DA:37,3
LF:5
LH:5
BRF:0
BRH:0
end_of_record
TN:
SF:/Users/yeewai/repos/sandbox/mapEditor/map-editor-react/src/components/StructuresView/index.tsx
FN:25,(anonymous_5)
FN:26,(anonymous_7)
FN:31,(anonymous_8)
FN:37,(anonymous_9)
FN:43,(anonymous_10)
FN:44,(anonymous_11)
FNF:6
FNH:6
FNDA:5,(anonymous_5)
FNDA:3,(anonymous_7)
FNDA:3,(anonymous_8)
FNDA:3,(anonymous_9)
FNDA:3,(anonymous_10)
FNDA:3,(anonymous_11)
DA:25,2
DA:26,2
DA:27,3
DA:28,3
DA:31,2
DA:32,6
DA:33,3
DA:35,2
DA:37,3
DA:43,3
DA:44,3
LF:11
LH:11
BRDA:33,0,0,1
BRDA:33,0,1,2
BRDA:33,1,0,1
BRDA:33,1,1,1
BRF:4
BRH:4
end_of_record
TN:
SF:/Users/yeewai/repos/sandbox/mapEditor/map-editor-react/src/components/WorldsView/AddWorldModal.tsx
FN:11,(anonymous_0)
FN:12,(anonymous_1)
FN:19,(anonymous_2)
FNF:3
FNH:3
FNDA:1,(anonymous_0)
FNDA:1,(anonymous_1)
FNDA:1,(anonymous_2)
DA:11,3
DA:12,1
DA:19,2
DA:20,1
LF:4
LH:4
BRF:0
BRH:0
end_of_record
TN:
SF:/Users/yeewai/repos/sandbox/mapEditor/map-editor-react/src/components/WorldsView/WorldForm.tsx
FN:24,(anonymous_1)
FN:51,(anonymous_2)
FN:66,(anonymous_3)
FNF:3
FNH:3
FNDA:1,(anonymous_1)
FNDA:5,(anonymous_2)
FNDA:1,(anonymous_3)
DA:24,3
DA:25,1
DA:27,1
DA:47,1
DA:51,5
DA:66,3
DA:67,1
DA:68,1
DA:69,1
DA:70,1
DA:81,3
LF:11
LH:11
BRDA:57,0,0,1
BRDA:57,0,1,0
BRDA:68,1,0,1
BRDA:68,1,1,1
BRDA:68,1,2,1
BRDA:69,2,0,1
BRDA:69,2,1,1
BRDA:70,3,0,1
BRDA:70,3,1,1
BRDA:70,3,2,1
BRF:10
BRH:9
end_of_record
TN:
SF:/Users/yeewai/repos/sandbox/mapEditor/map-editor-react/src/components/WorldsView/WorldsList.tsx
FN:17,(anonymous_0)
FN:26,(anonymous_1)
FN:33,(anonymous_2)
FNF:3
FNH:3
FNDA:2,(anonymous_0)
FNDA:2,(anonymous_1)
FNDA:2,(anonymous_2)
DA:17,5
DA:26,4
DA:35,2
DA:37,2
LF:4
LH:4
BRDA:40,0,0,2
BRDA:40,0,1,1
BRF:2
BRH:2
end_of_record
TN:
SF:/Users/yeewai/repos/sandbox/mapEditor/map-editor-react/src/components/WorldsView/index.tsx
FN:18,(anonymous_5)
FN:27,(anonymous_6)
FN:28,(anonymous_7)
FN:38,(anonymous_8)
FN:39,(anonymous_10)
FN:44,(anonymous_11)
FNF:6
FNH:6
FNDA:3,(anonymous_5)
FNDA:3,(anonymous_6)
FNDA:3,(anonymous_7)
FNDA:5,(anonymous_8)
FNDA:3,(anonymous_10)
FNDA:3,(anonymous_11)
DA:18,3
DA:27,3
DA:29,3
DA:30,3
DA:38,2
DA:39,2
DA:40,3
DA:41,3
DA:44,2
DA:45,6
DA:46,3
DA:54,2
LF:12
LH:12
BRDA:19,0,0,3
BRDA:19,0,1,0
BRDA:20,1,0,3
BRDA:20,1,1,1
BRDA:21,2,0,3
BRDA:21,2,1,0
BRDA:47,3,0,1
BRDA:47,3,1,2
BRF:8
BRH:6
end_of_record
TN:
SF:/Users/yeewai/repos/sandbox/mapEditor/map-editor-react/src/components/WorldsView/MapEditor/CameraControls.tsx
FN:21,(anonymous_0)
FN:22,(anonymous_1)
FN:23,(anonymous_2)
FN:24,(anonymous_3)
FN:25,(anonymous_4)
FN:26,(anonymous_5)
FN:27,(anonymous_6)
FN:28,(anonymous_7)
FN:29,(anonymous_8)
FN:33,(anonymous_9)
FNF:10
FNH:10
FNDA:8,(anonymous_0)
FNDA:1,(anonymous_1)
FNDA:1,(anonymous_2)
FNDA:1,(anonymous_3)
FNDA:1,(anonymous_4)
FNDA:1,(anonymous_5)
FNDA:1,(anonymous_6)
FNDA:1,(anonymous_7)
FNDA:1,(anonymous_8)
FNDA:1,(anonymous_9)
DA:21,12
DA:22,1
DA:23,1
DA:24,1
DA:25,1
DA:26,1
DA:27,1
DA:28,1
DA:29,1
DA:33,4
DA:34,3
DA:38,1
LF:12
LH:12
BRF:0
BRH:0
end_of_record
TN:
SF:/Users/yeewai/repos/sandbox/mapEditor/map-editor-react/src/components/WorldsView/MapEditor/DrawAddStructureDefinitionTile.tsx
FN:19,(anonymous_0)
FN:26,(anonymous_1)
FN:28,(anonymous_2)
FNF:3
FNH:3
FNDA:1,(anonymous_0)
FNDA:4,(anonymous_1)
FNDA:1,(anonymous_2)
DA:19,6
DA:26,5
DA:27,4
DA:28,3
DA:30,2
LF:5
LH:5
BRDA:27,0,0,2
BRDA:27,0,1,2
BRDA:27,1,0,4
BRDA:27,1,1,3
BRDA:33,2,0,1
BRDA:33,2,1,1
BRF:6
BRH:6
end_of_record
TN:
SF:/Users/yeewai/repos/sandbox/mapEditor/map-editor-react/src/components/WorldsView/MapEditor/DrawBoard.tsx
FN:24,(anonymous_5)
FN:25,(anonymous_6)
FN:26,(anonymous_7)
FN:31,(anonymous_8)
FN:32,(anonymous_10)
FN:36,(anonymous_11)
FN:41,(anonymous_12)
FN:41,(anonymous_13)
FN:42,(anonymous_14)
FN:42,(anonymous_15)
FNF:10
FNH:8
FNDA:2,(anonymous_5)
FNDA:1,(anonymous_6)
FNDA:1,(anonymous_7)
FNDA:7,(anonymous_8)
FNDA:2,(anonymous_10)
FNDA:2,(anonymous_11)
FNDA:6,(anonymous_12)
FNDA:18,(anonymous_13)
FNDA:0,(anonymous_14)
FNDA:0,(anonymous_15)
DA:24,7
DA:25,1
DA:26,1
DA:31,5
DA:32,5
DA:33,2
DA:36,5
DA:37,4
DA:39,2
DA:41,24
DA:42,0
DA:51,5
LF:12
LH:11
BRDA:44,0,0,18
BRDA:44,0,1,18
BRF:2
BRH:2
end_of_record
TN:
SF:/Users/yeewai/repos/sandbox/mapEditor/map-editor-react/src/components/WorldsView/MapEditor/DrawMap.tsx
FN:28,(anonymous_0)
FN:35,(anonymous_1)
FN:51,(anonymous_2)
FNF:3
FNH:3
FNDA:1,(anonymous_0)
FNDA:1,(anonymous_1)
FNDA:1,(anonymous_2)
DA:28,5
DA:35,4
DA:36,1
DA:43,1
DA:51,1
LF:5
LH:5
BRF:0
BRH:0
end_of_record
TN:
SF:/Users/yeewai/repos/sandbox/mapEditor/map-editor-react/src/components/WorldsView/MapEditor/DrawTile.tsx
FN:33,(anonymous_6)
FN:38,(anonymous_7)
FN:39,(anonymous_9)
FN:45,(anonymous_10)
FNF:4
FNH:4
FNDA:4,(anonymous_6)
FNDA:10,(anonymous_7)
FNDA:2,(anonymous_9)
FNDA:3,(anonymous_10)
DA:22,7
DA:23,7
DA:33,7
DA:34,4
DA:35,4
DA:38,7
DA:39,7
DA:40,2
DA:45,7
DA:46,3
DA:47,3
DA:53,2
DA:54,2
DA:59,2
DA:60,2
DA:62,2
DA:72,7
LF:17
LH:17
BRDA:40,0,0,2
BRDA:40,0,1,1
BRDA:40,0,2,1
BRDA:47,1,0,1
BRDA:47,1,1,2
BRF:5
BRH:5
end_of_record
TN:
SF:/Users/yeewai/repos/sandbox/mapEditor/map-editor-react/src/components/WorldsView/MapEditor/StructureCard.tsx
FN:18,(anonymous_0)
FN:26,(anonymous_1)
FN:27,(anonymous_2)
FN:32,(anonymous_3)
FN:34,(anonymous_4)
FNF:5
FNH:4
FNDA:1,(anonymous_0)
FNDA:1,(anonymous_1)
FNDA:1,(anonymous_2)
FNDA:3,(anonymous_3)
FNDA:0,(anonymous_4)
DA:18,5
DA:26,5
DA:27,1
DA:32,4
DA:33,3
DA:34,0
LF:6
LH:5
BRDA:34,0,0,1
BRDA:34,0,1,2
BRDA:40,1,0,3
BRDA:40,1,1,2
BRF:4
BRH:4
end_of_record
TN:
SF:/Users/yeewai/repos/sandbox/mapEditor/map-editor-react/src/components/WorldsView/MapEditor/index.tsx
FN:21,(anonymous_5)
FN:29,(anonymous_6)
FN:30,(anonymous_7)
FN:35,(anonymous_8)
FN:36,(anonymous_10)
FN:41,(anonymous_11)
FNF:6
FNH:6
FNDA:1,(anonymous_5)
FNDA:1,(anonymous_6)
FNDA:1,(anonymous_7)
FNDA:5,(anonymous_8)
FNDA:2,(anonymous_10)
FNDA:2,(anonymous_11)
DA:21,4
DA:29,4
DA:30,1
DA:35,3
DA:36,3
DA:37,4
DA:38,2
DA:41,3
DA:42,2
DA:43,2
DA:44,1
DA:52,1
DA:62,3
LF:13
LH:13
BRDA:43,0,0,1
BRDA:43,0,1,1
BRF:2
BRH:2
end_of_record
TN:
SF:/Users/yeewai/repos/sandbox/mapEditor/map-editor-react/src/components/common/LoadingIndicator.tsx
FN:8,(anonymous_0)
FNF:1
FNH:1
FNDA:4,(anonymous_0)
DA:8,8
DA:9,4
LF:2
LH:2
BRDA:8,0,0,4
BRDA:8,0,1,0
BRF:2
BRH:1
end_of_record
TN:
SF:/Users/yeewai/repos/sandbox/mapEditor/map-editor-react/src/helpers/formHelpers.tsx
FN:6,(anonymous_0)
FN:26,(anonymous_1)
FNF:2
FNH:2
FNDA:15,(anonymous_0)
FNDA:15,(anonymous_1)
DA:6,6
DA:12,15
DA:26,6
DA:27,15
LF:4
LH:4
BRDA:28,0,0,1
BRDA:28,0,1,14
BRDA:27,1,0,15
BRDA:27,1,1,1
BRDA:27,1,2,1
BRF:5
BRH:5
end_of_record
TN:
SF:/Users/yeewai/repos/sandbox/mapEditor/map-editor-react/src/helpers/formValidations.ts
FN:3,(anonymous_0)
FN:5,(anonymous_1)
FN:9,(anonymous_2)
FNF:3
FNH:3
FNDA:2,(anonymous_0)
FNDA:2,(anonymous_1)
FNDA:5,(anonymous_2)
DA:3,9
DA:5,9
DA:7,7
DA:9,12
LF:4
LH:4
BRDA:3,0,0,1
BRDA:3,0,1,1
BRDA:5,1,0,1
BRDA:5,1,1,1
BRDA:5,2,0,2
BRDA:5,2,1,1
BRDA:9,3,0,2
BRDA:9,3,1,3
BRDA:9,4,0,5
BRDA:9,4,1,4
BRF:10
BRH:10
end_of_record
TN:
SF:/Users/yeewai/repos/sandbox/mapEditor/map-editor-react/src/services/mapEditor/actions.ts
FN:10,(anonymous_0)
FN:14,(anonymous_1)
FN:18,(anonymous_2)
FN:22,(anonymous_3)
FN:26,(anonymous_4)
FN:30,(anonymous_5)
FN:34,(anonymous_6)
FN:38,(anonymous_7)
FN:60,(anonymous_10)
FNF:9
FNH:9
FNDA:1,(anonymous_0)
FNDA:1,(anonymous_1)
FNDA:1,(anonymous_2)
FNDA:1,(anonymous_3)
FNDA:1,(anonymous_4)
FNDA:1,(anonymous_5)
FNDA:1,(anonymous_6)
FNDA:1,(anonymous_7)
FNDA:1,(anonymous_10)
DA:10,10
DA:14,10
DA:18,10
DA:22,10
DA:26,10
DA:30,10
DA:34,10
DA:38,10
DA:60,10
LF:9
LH:9
BRF:0
BRH:0
end_of_record
TN:
SF:/Users/yeewai/repos/sandbox/mapEditor/map-editor-react/src/services/mapEditor/reducer.ts
FN:18,(anonymous_1)
FNF:1
FNH:1
FNDA:17,(anonymous_1)
DA:14,13
DA:15,13
DA:16,13
DA:18,18
DA:21,1
DA:23,2
DA:25,1
DA:27,1
DA:29,1
DA:31,1
DA:33,1
DA:35,1
DA:37,1
DA:39,2
DA:42,2
DA:48,1
DA:51,3
DA:52,3
DA:54,1
DA:75,1
LF:20
LH:20
BRDA:18,0,0,1
BRDA:18,0,1,16
BRDA:20,1,0,1
BRDA:20,1,1,2
BRDA:20,1,2,1
BRDA:20,1,3,1
BRDA:20,1,4,1
BRDA:20,1,5,1
BRDA:20,1,6,1
BRDA:20,1,7,1
BRDA:20,1,8,1
BRDA:20,1,9,2
BRDA:20,1,10,1
BRDA:20,1,11,1
BRDA:40,2,0,1
BRDA:40,2,1,1
BRDA:52,3,0,2
BRDA:52,3,1,1
BRDA:52,4,0,3
BRDA:52,4,1,2
BRDA:68,5,0,1
BRDA:68,5,1,1
BRF:22
BRH:22
end_of_record
TN:
SF:/Users/yeewai/repos/sandbox/mapEditor/map-editor-react/src/services/mapEditor/selectors.ts
FN:10,(anonymous_1)
FN:11,(anonymous_2)
FN:13,(anonymous_3)
FN:14,(anonymous_4)
FN:21,(anonymous_6)
FN:25,(anonymous_7)
FN:25,(anonymous_8)
FN:37,(anonymous_9)
FN:39,(anonymous_10)
FN:39,(anonymous_11)
FN:42,(anonymous_12)
FN:50,(anonymous_13)
FN:53,(anonymous_14)
FN:58,(anonymous_15)
FNF:14
FNH:14
FNDA:1,(anonymous_1)
FNDA:1,(anonymous_2)
FNDA:1,(anonymous_3)
FNDA:1,(anonymous_4)
FNDA:3,(anonymous_6)
FNDA:1,(anonymous_7)
FNDA:1,(anonymous_8)
FNDA:3,(anonymous_9)
FNDA:9,(anonymous_10)
FNDA:27,(anonymous_11)
FNDA:2,(anonymous_12)
FNDA:3,(anonymous_13)
FNDA:2,(anonymous_14)
FNDA:2,(anonymous_15)
DA:10,9
DA:11,10
DA:13,10
DA:14,10
DA:21,9
DA:24,3
DA:25,2
DA:30,2
DA:37,9
DA:39,27
DA:41,3
DA:42,2
DA:43,2
DA:47,3
DA:50,9
DA:51,3
DA:53,2
DA:58,9
DA:61,2
DA:63,1
LF:20
LH:20
BRDA:24,0,0,1
BRDA:24,0,1,2
BRDA:25,1,0,2
BRDA:25,1,1,2
BRDA:41,2,0,2
BRDA:41,2,1,1
BRDA:53,3,0,2
BRDA:53,3,1,1
BRDA:61,4,0,1
BRDA:61,4,1,1
BRF:10
BRH:10
end_of_record
TN:
SF:/Users/yeewai/repos/sandbox/mapEditor/map-editor-react/src/services/structureDefinitions/actions.ts
FN:12,(anonymous_0)
FN:16,(anonymous_1)
FN:21,(anonymous_2)
FN:22,(anonymous_3)
FN:25,(anonymous_4)
FN:25,(anonymous_5)
FN:40,(anonymous_7)
FN:45,(anonymous_8)
FN:52,(anonymous_10)
FN:55,(anonymous_11)
FN:57,(anonymous_12)
FN:59,(anonymous_13)
FN:66,(anonymous_14)
FN:70,(anonymous_15)
FN:71,(anonymous_16)
FN:75,(anonymous_17)
FN:79,(anonymous_18)
FN:84,(anonymous_19)
FN:88,(anonymous_20)
FN:89,(anonymous_21)
FN:93,(anonymous_22)
FN:97,(anonymous_23)
FNF:22
FNH:22
FNDA:11,(anonymous_0)
FNDA:10,(anonymous_1)
FNDA:11,(anonymous_2)
FNDA:11,(anonymous_3)
FNDA:10,(anonymous_4)
FNDA:1,(anonymous_5)
FNDA:3,(anonymous_7)
FNDA:4,(anonymous_8)
FNDA:10,(anonymous_10)
FNDA:3,(anonymous_11)
FNDA:9,(anonymous_12)
FNDA:1,(anonymous_13)
FNDA:2,(anonymous_14)
FNDA:2,(anonymous_15)
FNDA:2,(anonymous_16)
FNDA:1,(anonymous_17)
FNDA:1,(anonymous_18)
FNDA:2,(anonymous_19)
FNDA:2,(anonymous_20)
FNDA:2,(anonymous_21)
FNDA:1,(anonymous_22)
FNDA:1,(anonymous_23)
DA:12,34
DA:16,33
DA:21,23
DA:22,11
DA:23,11
DA:24,11
DA:25,10
DA:27,1
DA:36,10
DA:40,26
DA:45,23
DA:52,10
DA:53,10
DA:54,10
DA:56,3
DA:57,9
DA:60,1
DA:66,25
DA:70,23
DA:71,2
DA:73,2
DA:74,2
DA:76,1
DA:77,1
DA:79,1
DA:84,25
DA:88,23
DA:89,2
DA:91,2
DA:92,2
DA:94,1
DA:95,1
DA:97,1
LF:33
LH:33
BRF:0
BRH:0
end_of_record
TN:
SF:/Users/yeewai/repos/sandbox/mapEditor/map-editor-react/src/services/structureDefinitions/reducer.ts
FN:12,(anonymous_1)
FNF:1
FNH:1
FNDA:6,(anonymous_1)
DA:12,22
DA:15,1
DA:17,1
DA:25,1
DA:27,1
DA:29,2
DA:31,1
DA:32,1
DA:35,1
DA:53,1
LF:10
LH:10
BRDA:12,0,0,3
BRDA:12,0,1,3
BRDA:14,1,0,1
BRDA:14,1,1,1
BRDA:14,1,2,1
BRDA:14,1,3,1
BRDA:14,1,4,1
BRDA:32,2,0,1
BRDA:32,2,1,0
BRF:9
BRH:8
end_of_record
TN:
SF:/Users/yeewai/repos/sandbox/mapEditor/map-editor-react/src/services/structureDefinitions/selectors.tsx
FN:7,(anonymous_0)
FN:8,(anonymous_1)
FN:9,(anonymous_2)
FN:10,(anonymous_3)
FN:12,(anonymous_4)
FN:17,(anonymous_5)
FN:17,(anonymous_6)
FNF:7
FNH:7
FNDA:5,(anonymous_0)
FNDA:3,(anonymous_1)
FNDA:3,(anonymous_2)
FNDA:4,(anonymous_3)
FNDA:2,(anonymous_4)
FNDA:3,(anonymous_5)
FNDA:12,(anonymous_6)
DA:7,27
DA:8,25
DA:9,25
DA:10,26
DA:12,24
DA:17,25
LF:6
LH:6
BRDA:10,0,0,4
BRDA:10,0,1,2
BRF:2
BRH:2
end_of_record
TN:
SF:/Users/yeewai/repos/sandbox/mapEditor/map-editor-react/src/services/worlds/actions.ts
FN:11,(anonymous_0)
FN:15,(anonymous_1)
FN:20,(anonymous_2)
FN:27,(anonymous_4)
FN:30,(anonymous_5)
FN:30,(anonymous_6)
FN:38,(anonymous_7)
FN:42,(anonymous_8)
FN:43,(anonymous_9)
FN:50,(anonymous_10)
FN:54,(anonymous_11)
FN:55,(anonymous_12)
FN:67,(anonymous_14)
FN:70,(anonymous_15)
FN:74,(anonymous_16)
FNF:15
FNH:15
FNDA:7,(anonymous_0)
FNDA:3,(anonymous_1)
FNDA:2,(anonymous_2)
FNDA:7,(anonymous_4)
FNDA:3,(anonymous_5)
FNDA:1,(anonymous_6)
FNDA:1,(anonymous_7)
FNDA:1,(anonymous_8)
FNDA:1,(anonymous_9)
FNDA:2,(anonymous_10)
FNDA:2,(anonymous_11)
FNDA:2,(anonymous_12)
FNDA:3,(anonymous_14)
FNDA:2,(anonymous_15)
FNDA:1,(anonymous_16)
DA:11,24
DA:15,20
DA:20,17
DA:27,7
DA:28,7
DA:29,7
DA:30,3
DA:32,1
DA:38,18
DA:42,17
DA:43,1
DA:45,1
DA:46,1
DA:50,19
DA:54,17
DA:55,2
DA:57,2
DA:59,2
DA:67,3
DA:69,3
DA:71,2
DA:72,2
DA:74,1
LF:23
LH:23
BRF:0
BRH:0
end_of_record
TN:
SF:/Users/yeewai/repos/sandbox/mapEditor/map-editor-react/src/services/worlds/reducer.ts
FN:11,(anonymous_1)
FNF:1
FNH:1
FNDA:4,(anonymous_1)
DA:11,16
DA:14,1
DA:16,1
DA:24,1
DA:26,1
LF:5
LH:5
BRDA:11,0,0,3
BRDA:11,0,1,1
BRDA:13,1,0,1
BRDA:13,1,1,1
BRDA:13,1,2,1
BRDA:13,1,3,1
BRF:6
BRH:6
end_of_record
TN:
SF:/Users/yeewai/repos/sandbox/mapEditor/map-editor-react/src/services/worlds/selectors.tsx
FN:7,(anonymous_0)
FN:8,(anonymous_1)
FN:9,(anonymous_2)
FN:10,(anonymous_3)
FN:11,(anonymous_4)
FN:11,(anonymous_5)
FN:11,(anonymous_6)
FN:13,(anonymous_7)
FN:17,(anonymous_8)
FN:18,(anonymous_9)
FN:19,(anonymous_10)
FNF:11
FNH:11
FNDA:4,(anonymous_0)
FNDA:3,(anonymous_1)
FNDA:3,(anonymous_2)
FNDA:3,(anonymous_3)
FNDA:2,(anonymous_4)
FNDA:2,(anonymous_5)
FNDA:1,(anonymous_6)
FNDA:5,(anonymous_7)
FNDA:9,(anonymous_8)
FNDA:8,(anonymous_9)
FNDA:15,(anonymous_10)
DA:7,20
DA:8,19
DA:9,19
DA:10,19
DA:11,16
DA:13,21
DA:18,17
DA:19,15
LF:8
LH:8
BRDA:17,0,0,4
BRDA:17,0,1,1
BRDA:19,1,0,1
BRDA:19,1,1,8
BRDA:19,2,0,9
BRDA:19,2,1,4
BRF:6
BRH:6
end_of_record
TN:
SF:/Users/yeewai/repos/sandbox/mapEditor/map-editor-react/src/services/worlds/types.tsx
FNF:0
FNH:0
DA:51,16
LF:1
LH:1
BRF:0
BRH:0
end_of_record
